N pol   	Mean    	Std     	Seed    	FracP   
1.0000	7.1037	0.7427	-8349.0000	0.0001
1.0000	7.1710	0.7138	-8935.0000	0.0001
1.0000	6.4297	1.3307	-2460.0000	0.0001
1.0000	8.7050	1.2393	-8322.0000	0.0001
1.0000	9.0280	1.1479	-6104.0000	0.0001
1.0000	6.3592	0.8554	-7566.0000	0.0001
1.0000	5.4617	0.8841	-9526.0000	0.0001
1.0000	5.2214	1.0833	-3417.0000	0.0001
1.0000	2.5848	1.0596	-1696.0000	0.0001
1.0000	6.9477	0.7109	-2383.0000	0.0001
2.0000	8.3907	0.5933	-8349.0000	0.0002
2.0000	6.6661	1.0001	-8935.0000	0.0002
2.0000	7.8692	0.4618	-2460.0000	0.0002
2.0000	7.2256	0.7921	-8322.0000	0.0002
2.0000	8.0766	0.8925	-6104.0000	0.0002
2.0000	6.8121	0.6435	-7566.0000	0.0002
2.0000	6.3071	0.3171	-9526.0000	0.0002
2.0000	6.9300	0.8349	-3417.0000	0.0002
2.0000	4.8795	0.9162	-1696.0000	0.0002
2.0000	7.3424	0.6847	-2383.0000	0.0002
3.0000	7.2729	0.8750	-8349.0000	0.0003
3.0000	5.2492	0.4260	-8935.0000	0.0003
3.0000	6.1841	0.9961	-2460.0000	0.0003
3.0000	6.8265	0.3358	-8322.0000	0.0003
3.0000	6.9915	0.4272	-6104.0000	0.0003
3.0000	6.6192	0.4624	-7566.0000	0.0003
3.0000	7.4950	0.4678	-9526.0000	0.0003
3.0000	8.1020	0.7105	-3417.0000	0.0003
3.0000	4.6147	0.4844	-1696.0000	0.0003
3.0000	5.4909	0.5156	-2383.0000	0.0003
4.0000	6.4748	0.6313	-8349.0000	0.0004
4.0000	7.9647	0.4464	-8935.0000	0.0004
4.0000	6.3952	0.3958	-2460.0000	0.0004
4.0000	5.9292	0.3931	-8322.0000	0.0004
4.0000	7.7674	0.5176	-6104.0000	0.0004
4.0000	6.7354	0.2880	-7566.0000	0.0004
4.0000	7.5087	0.3039	-9526.0000	0.0004
4.0000	7.1431	0.5555	-3417.0000	0.0004
4.0000	6.2300	0.5037	-1696.0000	0.0004
4.0000	6.1175	0.3022	-2383.0000	0.0004
5.0000	6.7224	0.6453	-8349.0000	0.0005
5.0000	8.0642	0.4128	-8935.0000	0.0005
5.0000	7.2829	0.4027	-2460.0000	0.0005
5.0000	5.8499	0.5980	-8322.0000	0.0005
5.0000	6.3725	0.5396	-6104.0000	0.0005
5.0000	7.5869	0.3830	-7566.0000	0.0005
5.0000	5.2749	0.7055	-9526.0000	0.0005
5.0000	7.4364	0.3321	-3417.0000	0.0005
5.0000	5.9924	0.2338	-1696.0000	0.0005
5.0000	8.0273	0.6275	-2383.0000	0.0005
6.0000	7.5405	0.8643	-8349.0000	0.0006
6.0000	6.3417	0.1575	-8935.0000	0.0006
6.0000	7.2312	0.6048	-2460.0000	0.0006
6.0000	7.3221	0.6340	-8322.0000	0.0006
6.0000	6.7898	0.5724	-6104.0000	0.0006
6.0000	7.7176	0.4405	-7566.0000	0.0006
6.0000	5.7726	0.6546	-9526.0000	0.0006
6.0000	6.5926	0.4999	-3417.0000	0.0006
6.0000	6.2708	0.2471	-1696.0000	0.0006
6.0000	6.6617	0.5095	-2383.0000	0.0006
7.0000	6.0633	0.4376	-8349.0000	0.0007
7.0000	5.9547	0.4840	-8935.0000	0.0007
7.0000	5.3551	0.8535	-2460.0000	0.0007
7.0000	8.1304	0.3313	-8322.0000	0.0007
7.0000	6.1510	0.2663	-6104.0000	0.0007
7.0000	7.1192	0.2902	-7566.0000	0.0007
7.0000	6.9306	0.5492	-9526.0000	0.0007
7.0000	7.3893	0.4211	-3417.0000	0.0007
7.0000	7.0283	0.4891	-1696.0000	0.0007
7.0000	6.4888	0.7916	-2383.0000	0.0007
8.0000	6.4447	0.2432	-8349.0000	0.0008
8.0000	5.8229	0.4250	-8935.0000	0.0008
8.0000	6.2395	0.3776	-2460.0000	0.0008
8.0000	6.3361	0.4999	-8322.0000	0.0008
8.0000	8.1530	0.3006	-6104.0000	0.0008
8.0000	6.9628	0.5238	-7566.0000	0.0008
8.0000	6.9555	0.4227	-9526.0000	0.0008
8.0000	6.9744	0.6502	-3417.0000	0.0008
8.0000	7.8058	0.3181	-1696.0000	0.0008
8.0000	7.2869	0.2907	-2383.0000	0.0008
9.0000	7.1146	0.4518	-8349.0000	0.0009
9.0000	6.5506	0.4346	-8935.0000	0.0009
9.0000	6.2959	0.2139	-2460.0000	0.0009
9.0000	5.7541	0.3461	-8322.0000	0.0009
9.0000	6.3053	0.2744	-6104.0000	0.0009
9.0000	5.9528	0.3317	-7566.0000	0.0009
9.0000	7.5090	0.7471	-9526.0000	0.0009
9.0000	6.7835	0.4517	-3417.0000	0.0009
9.0000	7.2221	0.2763	-1696.0000	0.0009
9.0000	7.3509	0.3770	-2383.0000	0.0009
10.0000	7.2747	0.4269	-8349.0000	0.0010
10.0000	6.9836	0.4162	-8935.0000	0.0010
10.0000	6.2415	0.1372	-2460.0000	0.0010
10.0000	6.7257	0.3587	-8322.0000	0.0010
10.0000	7.1482	0.6308	-6104.0000	0.0010
10.0000	6.3452	0.4880	-7566.0000	0.0010
10.0000	7.1675	0.2804	-9526.0000	0.0010
10.0000	6.8238	0.2863	-3417.0000	0.0010
10.0000	7.2863	0.3324	-1696.0000	0.0010
10.0000	6.4284	0.4894	-2383.0000	0.0010
11.0000	7.2406	0.3885	-8349.0000	0.0011
11.0000	6.5734	0.4592	-8935.0000	0.0011
11.0000	6.0311	0.2528	-2460.0000	0.0011
11.0000	7.3841	0.3806	-8322.0000	0.0011
11.0000	7.1461	0.2066	-6104.0000	0.0011
11.0000	7.0930	0.2863	-7566.0000	0.0011
11.0000	6.5439	0.2714	-9526.0000	0.0011
11.0000	7.2112	0.3074	-3417.0000	0.0011
11.0000	7.4883	0.2572	-1696.0000	0.0011
11.0000	6.9761	0.3692	-2383.0000	0.0011
12.0000	7.3231	0.3089	-8349.0000	0.0012
12.0000	6.2728	0.2542	-8935.0000	0.0012
12.0000	6.2963	0.4724	-2460.0000	0.0012
12.0000	7.0943	0.5197	-8322.0000	0.0012
12.0000	7.0586	0.3212	-6104.0000	0.0012
12.0000	7.4420	0.4833	-7566.0000	0.0012
12.0000	6.6314	0.1543	-9526.0000	0.0012
12.0000	6.0811	0.2879	-3417.0000	0.0012
12.0000	6.9002	0.2458	-1696.0000	0.0012
12.0000	5.9300	0.4688	-2383.0000	0.0012
13.0000	6.9520	0.2081	-8349.0000	0.0013
13.0000	6.5735	0.3374	-8935.0000	0.0013
13.0000	6.2722	0.2349	-2460.0000	0.0013
13.0000	5.7317	0.3966	-8322.0000	0.0013
13.0000	6.5855	0.2288	-6104.0000	0.0013
13.0000	6.2690	0.2307	-7566.0000	0.0013
13.0000	6.4337	0.3596	-9526.0000	0.0013
13.0000	7.4456	0.2423	-3417.0000	0.0013
13.0000	7.2847	0.2865	-1696.0000	0.0013
13.0000	6.8053	0.4806	-2383.0000	0.0013
14.0000	7.1133	0.1112	-8349.0000	0.0014
14.0000	6.5903	0.1879	-8935.0000	0.0014
14.0000	7.3371	0.3675	-2460.0000	0.0014
14.0000	6.9282	0.1642	-8322.0000	0.0014
14.0000	7.9960	0.3467	-6104.0000	0.0014
14.0000	6.7771	0.1882	-7566.0000	0.0014
14.0000	6.2406	0.2838	-9526.0000	0.0014
14.0000	6.1027	0.2656	-3417.0000	0.0014
14.0000	5.6623	0.3000	-1696.0000	0.0014
14.0000	7.2030	0.1764	-2383.0000	0.0014
15.0000	6.3960	0.2795	-8349.0000	0.0015
15.0000	7.3705	0.2357	-8935.0000	0.0015
15.0000	6.5195	0.2876	-2460.0000	0.0015
15.0000	6.9946	0.3967	-8322.0000	0.0015
15.0000	6.4604	0.3670	-6104.0000	0.0015
15.0000	7.0477	0.2531	-7566.0000	0.0015
15.0000	6.5531	0.2885	-9526.0000	0.0015
15.0000	7.1954	0.3661	-3417.0000	0.0015
15.0000	6.6595	0.2831	-1696.0000	0.0015
15.0000	7.5684	0.2338	-2383.0000	0.0015
16.0000	6.6104	0.3706	-8349.0000	0.0016
16.0000	5.8515	0.3148	-8935.0000	0.0016
16.0000	6.5990	0.2830	-2460.0000	0.0016
16.0000	7.0586	0.2396	-8322.0000	0.0016
16.0000	6.1666	0.2255	-6104.0000	0.0016
16.0000	6.2253	0.2022	-7566.0000	0.0016
16.0000	6.6074	0.2530	-9526.0000	0.0016
16.0000	7.3064	0.4641	-3417.0000	0.0016
16.0000	6.0410	0.2115	-1696.0000	0.0016
16.0000	6.8638	0.3788	-2383.0000	0.0016
17.0000	6.2616	0.1965	-8349.0000	0.0017
17.0000	6.8692	0.1393	-8935.0000	0.0017
17.0000	6.5498	0.4533	-2460.0000	0.0017
17.0000	7.1441	0.3306	-8322.0000	0.0017
17.0000	6.5710	0.7104	-6104.0000	0.0017
17.0000	7.1012	0.2163	-7566.0000	0.0017
17.0000	6.5520	0.1749	-9526.0000	0.0017
17.0000	6.7993	0.2221	-3417.0000	0.0017
17.0000	6.8318	0.2634	-1696.0000	0.0017
17.0000	6.4563	0.2794	-2383.0000	0.0017
18.0000	6.4186	0.3212	-8349.0000	0.0018
18.0000	6.6348	0.1540	-8935.0000	0.0018
18.0000	6.5396	0.2174	-2460.0000	0.0018
18.0000	6.2637	0.2221	-8322.0000	0.0018
18.0000	6.9189	0.2857	-6104.0000	0.0018
18.0000	6.9732	0.3049	-7566.0000	0.0018
18.0000	6.2606	0.1631	-9526.0000	0.0018
18.0000	7.1678	0.2013	-3417.0000	0.0018
18.0000	7.3203	0.2549	-1696.0000	0.0018
18.0000	6.6642	0.5053	-2383.0000	0.0018
19.0000	6.0307	0.1289	-8349.0000	0.0019
19.0000	6.3923	0.2376	-8935.0000	0.0019
19.0000	6.6805	0.3220	-2460.0000	0.0019
19.0000	6.7467	0.2244	-8322.0000	0.0019
19.0000	6.7058	0.4532	-6104.0000	0.0019
19.0000	6.7922	0.3047	-7566.0000	0.0019
19.0000	6.9500	0.2120	-9526.0000	0.0019
19.0000	6.3052	0.1694	-3417.0000	0.0019
19.0000	6.8427	0.3829	-1696.0000	0.0019
19.0000	6.8673	0.1594	-2383.0000	0.0019
20.0000	6.8960	0.1885	-8349.0000	0.0020
20.0000	7.2719	0.2636	-8935.0000	0.0020
20.0000	6.5749	0.0854	-2460.0000	0.0020
20.0000	7.2536	0.2640	-8322.0000	0.0020
20.0000	6.6432	0.2838	-6104.0000	0.0020
20.0000	6.6673	0.2211	-7566.0000	0.0020
20.0000	6.5921	0.3108	-9526.0000	0.0020
20.0000	6.4814	0.1842	-3417.0000	0.0020
20.0000	7.2686	0.3154	-1696.0000	0.0020
20.0000	7.7823	0.2505	-2383.0000	0.0020
21.0000	6.5098	0.2564	-8349.0000	0.0021
21.0000	6.5069	0.3687	-8935.0000	0.0021
21.0000	6.8563	0.2336	-2460.0000	0.0021
21.0000	6.6780	0.3043	-8322.0000	0.0021
21.0000	6.6120	0.2455	-6104.0000	0.0021
21.0000	6.8813	0.2214	-7566.0000	0.0021
21.0000	7.2334	0.1348	-9526.0000	0.0021
21.0000	6.0842	0.2535	-3417.0000	0.0021
21.0000	6.3703	0.4725	-1696.0000	0.0021
21.0000	7.1747	0.3339	-2383.0000	0.0021
22.0000	6.2807	0.3382	-8349.0000	0.0022
22.0000	6.4956	0.2625	-8935.0000	0.0022
22.0000	6.4282	0.3038	-2460.0000	0.0022
22.0000	6.9375	0.2178	-8322.0000	0.0022
22.0000	6.8406	0.2749	-6104.0000	0.0022
22.0000	6.4856	0.1462	-7566.0000	0.0022
22.0000	6.8894	0.2154	-9526.0000	0.0022
22.0000	6.4579	0.2127	-3417.0000	0.0022
22.0000	6.2847	0.3240	-1696.0000	0.0022
22.0000	6.5842	0.1195	-2383.0000	0.0022
23.0000	6.7393	0.2276	-8349.0000	0.0023
23.0000	6.6930	0.4135	-8935.0000	0.0023
23.0000	6.5457	0.1667	-2460.0000	0.0023
23.0000	6.6595	0.2531	-8322.0000	0.0023
23.0000	7.0001	0.1728	-6104.0000	0.0023
23.0000	6.4122	0.1848	-7566.0000	0.0023
23.0000	6.8866	0.1845	-9526.0000	0.0023
23.0000	6.6167	0.2121	-3417.0000	0.0023
23.0000	6.7784	0.2004	-1696.0000	0.0023
23.0000	7.0258	0.1239	-2383.0000	0.0023
24.0000	6.5325	0.4024	-8349.0000	0.0024
24.0000	6.6103	0.2475	-8935.0000	0.0024
24.0000	7.1649	0.2296	-2460.0000	0.0024
24.0000	6.8263	0.2140	-8322.0000	0.0024
24.0000	6.5621	0.2574	-6104.0000	0.0024
24.0000	6.9666	0.3182	-7566.0000	0.0024
24.0000	7.0087	0.2004	-9526.0000	0.0024
24.0000	6.7045	0.2423	-3417.0000	0.0024
24.0000	7.2611	0.1651	-1696.0000	0.0024
24.0000	7.2961	0.1314	-2383.0000	0.0024
25.0000	7.5067	0.1914	-8349.0000	0.0025
25.0000	6.3905	0.1782	-8935.0000	0.0025
25.0000	6.8872	0.1233	-2460.0000	0.0025
25.0000	6.9703	0.1228	-8322.0000	0.0025
25.0000	6.9558	0.2567	-6104.0000	0.0025
25.0000	6.9579	0.4341	-7566.0000	0.0025
25.0000	6.3999	0.1684	-9526.0000	0.0025
25.0000	7.2804	0.1242	-3417.0000	0.0025
25.0000	6.6739	0.2405	-1696.0000	0.0025
25.0000	7.1445	0.1956	-2383.0000	0.0025
26.0000	6.4392	0.2199	-8349.0000	0.0026
26.0000	6.6675	0.1912	-8935.0000	0.0026
26.0000	6.4325	0.3162	-2460.0000	0.0026
26.0000	6.9291	0.1762	-8322.0000	0.0026
26.0000	6.3158	0.2294	-6104.0000	0.0026
26.0000	6.6616	0.3694	-7566.0000	0.0026
26.0000	6.6124	0.2097	-9526.0000	0.0026
26.0000	6.9846	0.3336	-3417.0000	0.0026
26.0000	6.6268	0.1259	-1696.0000	0.0026
26.0000	6.5958	0.1555	-2383.0000	0.0026
27.0000	6.3798	0.1843	-8349.0000	0.0027
27.0000	6.6046	0.2543	-8935.0000	0.0027
27.0000	7.4447	0.2301	-2460.0000	0.0027
27.0000	6.9941	0.2333	-8322.0000	0.0027
27.0000	6.8523	0.1808	-6104.0000	0.0027
27.0000	7.1272	0.3425	-7566.0000	0.0027
27.0000	6.9741	0.2463	-9526.0000	0.0027
27.0000	7.3042	0.1487	-3417.0000	0.0027
27.0000	6.3446	0.2182	-1696.0000	0.0027
27.0000	6.8310	0.2318	-2383.0000	0.0027
28.0000	7.0435	0.1670	-8349.0000	0.0028
28.0000	6.9681	0.5640	-8935.0000	0.0028
28.0000	6.5181	0.2154	-2460.0000	0.0028
28.0000	7.2363	0.2028	-8322.0000	0.0028
28.0000	6.2688	0.1734	-6104.0000	0.0028
28.0000	6.5707	0.2083	-7566.0000	0.0028
28.0000	7.5135	0.2556	-9526.0000	0.0028
28.0000	7.2089	0.2182	-3417.0000	0.0028
28.0000	7.0297	0.4690	-1696.0000	0.0028
28.0000	6.6683	0.2194	-2383.0000	0.0028
29.0000	6.9736	0.2245	-8349.0000	0.0029
29.0000	6.4892	0.1899	-8935.0000	0.0029
29.0000	7.1124	0.2045	-2460.0000	0.0029
29.0000	7.2965	0.2261	-8322.0000	0.0029
29.0000	7.2280	0.3374	-6104.0000	0.0029
29.0000	7.0149	0.1103	-7566.0000	0.0029
29.0000	6.0167	0.2807	-9526.0000	0.0029
29.0000	6.6318	0.1915	-3417.0000	0.0029
29.0000	7.2647	0.1917	-1696.0000	0.0029
29.0000	7.0936	0.1304	-2383.0000	0.0029
30.0000	5.9862	0.1393	-8349.0000	0.0030
30.0000	6.3010	0.2429	-8935.0000	0.0030
30.0000	6.2702	0.2567	-2460.0000	0.0030
30.0000	6.6386	0.1973	-8322.0000	0.0030
30.0000	6.5056	0.1574	-6104.0000	0.0030
30.0000	6.4070	0.0987	-7566.0000	0.0030
30.0000	6.6312	0.2122	-9526.0000	0.0030
30.0000	6.5907	0.1590	-3417.0000	0.0030
30.0000	6.6960	0.4323	-1696.0000	0.0030
30.0000	6.7473	0.4237	-2383.0000	0.0030
31.0000	6.9326	0.2431	-8349.0000	0.0031
31.0000	6.8361	0.1779	-8935.0000	0.0031
31.0000	6.5632	0.2793	-2460.0000	0.0031
31.0000	7.0411	0.1640	-8322.0000	0.0031
31.0000	6.6880	0.1874	-6104.0000	0.0031
31.0000	6.8164	0.3281	-7566.0000	0.0031
31.0000	6.9508	0.1219	-9526.0000	0.0031
31.0000	6.5629	0.1425	-3417.0000	0.0031
31.0000	7.1484	0.2302	-1696.0000	0.0031
31.0000	6.8994	0.3604	-2383.0000	0.0031
32.0000	6.7187	0.3175	-8349.0000	0.0032
32.0000	6.6033	0.2319	-8935.0000	0.0032
32.0000	6.5471	0.1520	-2460.0000	0.0032
32.0000	7.1064	0.3853	-8322.0000	0.0032
32.0000	7.2585	0.1019	-6104.0000	0.0032
32.0000	6.9333	0.1549	-7566.0000	0.0032
32.0000	6.7610	0.2632	-9526.0000	0.0032
32.0000	6.8527	0.2942	-3417.0000	0.0032
32.0000	6.8647	0.1842	-1696.0000	0.0032
32.0000	6.7176	0.0746	-2383.0000	0.0032
33.0000	6.5610	0.2084	-8349.0000	0.0033
33.0000	6.6067	0.2193	-8935.0000	0.0033
33.0000	6.8243	0.1526	-2460.0000	0.0033
33.0000	7.2160	0.1262	-8322.0000	0.0033
33.0000	6.5076	0.1978	-6104.0000	0.0033
33.0000	6.7257	0.2410	-7566.0000	0.0033
33.0000	6.2989	0.2166	-9526.0000	0.0033
33.0000	6.7642	0.2035	-3417.0000	0.0033
33.0000	6.6338	0.1676	-1696.0000	0.0033
33.0000	6.7465	0.1825	-2383.0000	0.0033
34.0000	7.0473	0.2762	-8349.0000	0.0034
34.0000	6.6886	0.3327	-8935.0000	0.0034
34.0000	7.0116	0.1455	-2460.0000	0.0034
34.0000	6.5965	0.2244	-8322.0000	0.0034
34.0000	6.7082	0.1658	-6104.0000	0.0034
34.0000	6.8556	0.2139	-7566.0000	0.0034
34.0000	7.0272	0.1356	-9526.0000	0.0034
34.0000	7.2000	0.1124	-3417.0000	0.0034
34.0000	6.3638	0.2701	-1696.0000	0.0034
34.0000	6.9759	0.1666	-2383.0000	0.0034
35.0000	6.4078	0.1714	-8349.0000	0.0035
35.0000	6.8509	0.1598	-8935.0000	0.0035
35.0000	7.5323	0.3581	-2460.0000	0.0035
35.0000	6.8907	0.2428	-8322.0000	0.0035
35.0000	7.2258	0.0885	-6104.0000	0.0035
35.0000	7.1298	0.3004	-7566.0000	0.0035
35.0000	6.8871	0.2565	-9526.0000	0.0035
35.0000	6.4925	0.1357	-3417.0000	0.0035
35.0000	6.9257	0.2088	-1696.0000	0.0035
35.0000	6.7681	0.1232	-2383.0000	0.0035
36.0000	7.5316	0.2533	-8349.0000	0.0036
36.0000	7.0984	0.2612	-8935.0000	0.0036
36.0000	7.2592	0.1066	-2460.0000	0.0036
36.0000	6.6364	0.1617	-8322.0000	0.0036
36.0000	7.3542	0.3428	-6104.0000	0.0036
36.0000	7.1336	0.1292	-7566.0000	0.0036
36.0000	6.9725	0.1136	-9526.0000	0.0036
36.0000	6.9796	0.2230	-3417.0000	0.0036
36.0000	6.7786	0.5022	-1696.0000	0.0036
36.0000	6.4960	0.1790	-2383.0000	0.0036
37.0000	6.3706	0.2252	-8349.0000	0.0037
37.0000	6.8098	0.2210	-8935.0000	0.0037
37.0000	6.7059	0.1306	-2460.0000	0.0037
37.0000	6.6882	0.1282	-8322.0000	0.0037
37.0000	7.0323	0.2970	-6104.0000	0.0037
37.0000	6.7922	0.2260	-7566.0000	0.0037
37.0000	6.7677	0.2513	-9526.0000	0.0037
37.0000	6.4269	0.1203	-3417.0000	0.0037
37.0000	6.9154	0.1382	-1696.0000	0.0037
37.0000	6.7599	0.1589	-2383.0000	0.0037
38.0000	6.5787	0.2041	-8349.0000	0.0038
38.0000	6.6444	0.1384	-8935.0000	0.0038
38.0000	6.7099	0.2576	-2460.0000	0.0038
38.0000	7.3271	0.4281	-8322.0000	0.0038
38.0000	7.1784	0.1827	-6104.0000	0.0038
38.0000	7.1545	0.2129	-7566.0000	0.0038
38.0000	6.5310	0.2129	-9526.0000	0.0038
38.0000	6.7629	0.2648	-3417.0000	0.0038
38.0000	6.9957	0.1181	-1696.0000	0.0038
38.0000	6.7653	0.2429	-2383.0000	0.0038
39.0000	6.7682	0.2475	-8349.0000	0.0039
39.0000	6.4116	0.1564	-8935.0000	0.0039
39.0000	6.7103	0.1101	-2460.0000	0.0039
39.0000	6.9872	0.1561	-8322.0000	0.0039
39.0000	6.3829	0.1592	-6104.0000	0.0039
39.0000	6.6499	0.2208	-7566.0000	0.0039
39.0000	6.6427	0.2522	-9526.0000	0.0039
39.0000	6.8110	0.2641	-3417.0000	0.0039
39.0000	6.8134	0.1684	-1696.0000	0.0039
39.0000	7.0414	0.1101	-2383.0000	0.0039
40.0000	7.2336	0.2513	-8349.0000	0.0040
40.0000	7.3224	0.1457	-8935.0000	0.0040
40.0000	6.2301	0.2360	-2460.0000	0.0040
40.0000	6.9651	0.2593	-8322.0000	0.0040
40.0000	6.6952	0.1328	-6104.0000	0.0040
40.0000	6.3054	0.1452	-7566.0000	0.0040
40.0000	7.1204	0.1895	-9526.0000	0.0040
40.0000	6.8360	0.1900	-3417.0000	0.0040
40.0000	7.3387	0.2421	-1696.0000	0.0040
40.0000	6.7351	0.1736	-2383.0000	0.0040
41.0000	7.2336	0.2513	-8349.0000	0.0040
41.0000	7.3224	0.1457	-8935.0000	0.0040
41.0000	6.2301	0.2360	-2460.0000	0.0040
41.0000	6.9651	0.2593	-8322.0000	0.0040
41.0000	6.6952	0.1328	-6104.0000	0.0040
41.0000	6.3054	0.1452	-7566.0000	0.0040
41.0000	7.1204	0.1895	-9526.0000	0.0040
41.0000	6.8360	0.1900	-3417.0000	0.0040
41.0000	7.3387	0.2421	-1696.0000	0.0040
41.0000	6.7351	0.1736	-2383.0000	0.0040
42.0000	6.6059	0.1859	-8349.0000	0.0041
42.0000	6.6466	0.2015	-8935.0000	0.0041
42.0000	6.6961	0.1569	-2460.0000	0.0041
42.0000	7.4601	0.1912	-8322.0000	0.0041
42.0000	6.9725	0.1443	-6104.0000	0.0041
42.0000	6.9585	0.1579	-7566.0000	0.0041
42.0000	7.0049	0.2187	-9526.0000	0.0041
42.0000	6.9819	0.2869	-3417.0000	0.0041
42.0000	6.8862	0.2372	-1696.0000	0.0041
42.0000	7.1207	0.1890	-2383.0000	0.0041
43.0000	7.0033	0.2060	-8349.0000	0.0042
43.0000	7.0908	0.3278	-8935.0000	0.0042
43.0000	6.5829	0.1883	-2460.0000	0.0042
43.0000	6.6047	0.2803	-8322.0000	0.0042
43.0000	7.1140	0.1023	-6104.0000	0.0042
43.0000	6.8682	0.1779	-7566.0000	0.0042
43.0000	6.7250	0.2368	-9526.0000	0.0042
43.0000	7.1163	0.0895	-3417.0000	0.0042
43.0000	7.4444	0.1881	-1696.0000	0.0042
43.0000	6.7195	0.1350	-2383.0000	0.0042
44.0000	7.1838	0.1845	-8349.0000	0.0043
44.0000	6.5007	0.2080	-8935.0000	0.0043
44.0000	7.3041	0.2483	-2460.0000	0.0043
44.0000	7.0566	0.1608	-8322.0000	0.0043
44.0000	6.6507	0.2825	-6104.0000	0.0043
44.0000	6.9876	0.1161	-7566.0000	0.0043
44.0000	6.6863	0.2138	-9526.0000	0.0043
44.0000	6.9388	0.2472	-3417.0000	0.0043
44.0000	7.2615	0.2259	-1696.0000	0.0043
44.0000	7.0160	0.1693	-2383.0000	0.0043
45.0000	6.7030	0.1446	-8349.0000	0.0044
45.0000	6.9045	0.3169	-8935.0000	0.0044
45.0000	7.0234	0.0825	-2460.0000	0.0044
45.0000	6.2802	0.2303	-8322.0000	0.0044
45.0000	6.9802	0.1126	-6104.0000	0.0044
45.0000	7.2667	0.2211	-7566.0000	0.0044
45.0000	7.0550	0.3628	-9526.0000	0.0044
45.0000	6.6883	0.1704	-3417.0000	0.0044
45.0000	6.5304	0.1297	-1696.0000	0.0044
45.0000	6.6416	0.1066	-2383.0000	0.0044
46.0000	6.8733	0.2233	-8349.0000	0.0045
46.0000	6.6310	0.2718	-8935.0000	0.0045
46.0000	7.0706	0.1833	-2460.0000	0.0045
46.0000	7.1453	0.2091	-8322.0000	0.0045
46.0000	7.0653	0.1842	-6104.0000	0.0045
46.0000	7.0890	0.2223	-7566.0000	0.0045
46.0000	7.0208	0.1650	-9526.0000	0.0045
46.0000	6.9141	0.2232	-3417.0000	0.0045
46.0000	7.1086	0.1680	-1696.0000	0.0045
46.0000	6.6891	0.1961	-2383.0000	0.0045
47.0000	6.7856	0.1594	-8349.0000	0.0046
47.0000	6.9564	0.1627	-8935.0000	0.0046
47.0000	7.0598	0.1486	-2460.0000	0.0046
47.0000	7.1384	0.1568	-8322.0000	0.0046
47.0000	7.1761	0.2206	-6104.0000	0.0046
47.0000	6.9554	0.2027	-7566.0000	0.0046
47.0000	6.6552	0.1462	-9526.0000	0.0046
47.0000	6.9210	0.1322	-3417.0000	0.0046
47.0000	6.6939	0.1628	-1696.0000	0.0046
47.0000	6.9070	0.1728	-2383.0000	0.0046
48.0000	7.0193	0.1040	-8349.0000	0.0047
48.0000	6.3076	0.1677	-8935.0000	0.0047
48.0000	6.9254	0.1786	-2460.0000	0.0047
48.0000	7.0319	0.1343	-8322.0000	0.0047
48.0000	7.0657	0.1260	-6104.0000	0.0047
48.0000	6.4011	0.2552	-7566.0000	0.0047
48.0000	6.4379	0.1945	-9526.0000	0.0047
48.0000	6.3166	0.1627	-3417.0000	0.0047
48.0000	7.0090	0.1473	-1696.0000	0.0047
48.0000	6.7176	0.1925	-2383.0000	0.0047
49.0000	7.0240	0.1714	-8349.0000	0.0048
49.0000	6.7017	0.1323	-8935.0000	0.0048
49.0000	6.8139	0.1663	-2460.0000	0.0048
49.0000	6.7644	0.1867	-8322.0000	0.0048
49.0000	6.9966	0.1475	-6104.0000	0.0048
49.0000	6.8775	0.1651	-7566.0000	0.0048
49.0000	6.7956	0.1244	-9526.0000	0.0048
49.0000	6.7824	0.1455	-3417.0000	0.0048
49.0000	6.9417	0.2029	-1696.0000	0.0048
49.0000	6.9651	0.1842	-2383.0000	0.0048
50.0000	6.7309	0.2076	-8349.0000	0.0049
50.0000	6.9466	0.1590	-8935.0000	0.0049
50.0000	6.7792	0.0815	-2460.0000	0.0049
50.0000	6.2810	0.1930	-8322.0000	0.0049
50.0000	7.0967	0.1833	-6104.0000	0.0049
50.0000	6.4419	0.1444	-7566.0000	0.0049
50.0000	7.1001	0.0750	-9526.0000	0.0049
50.0000	7.0570	0.2122	-3417.0000	0.0049
50.0000	6.8064	0.1537	-1696.0000	0.0049
50.0000	6.9528	0.1616	-2383.0000	0.0049
51.0000	6.8990	0.1288	-8349.0000	0.0050
51.0000	7.2445	0.0794	-8935.0000	0.0050
51.0000	6.9195	0.1714	-2460.0000	0.0050
51.0000	7.3421	0.1038	-8322.0000	0.0050
51.0000	6.9308	0.1785	-6104.0000	0.0050
51.0000	6.7792	0.1460	-7566.0000	0.0050
51.0000	7.6843	0.1498	-9526.0000	0.0050
51.0000	6.8833	0.1314	-3417.0000	0.0050
51.0000	6.9745	0.1949	-1696.0000	0.0050
51.0000	6.6478	0.2154	-2383.0000	0.0050
52.0000	7.4542	0.1652	-8349.0000	0.0051
52.0000	6.9503	0.1398	-8935.0000	0.0051
52.0000	6.7361	0.2707	-2460.0000	0.0051
52.0000	6.8170	0.1777	-8322.0000	0.0051
52.0000	7.3131	0.3422	-6104.0000	0.0051
52.0000	7.2190	0.1362	-7566.0000	0.0051
52.0000	6.6902	0.2474	-9526.0000	0.0051
52.0000	7.0482	0.1982	-3417.0000	0.0051
52.0000	7.0089	0.2386	-1696.0000	0.0051
52.0000	7.3539	0.2033	-2383.0000	0.0051
53.0000	7.1616	0.0879	-8349.0000	0.0052
53.0000	6.9395	0.3186	-8935.0000	0.0052
53.0000	6.9230	0.1365	-2460.0000	0.0052
53.0000	6.7077	0.2312	-8322.0000	0.0052
53.0000	7.3832	0.2486	-6104.0000	0.0052
53.0000	6.9908	0.1223	-7566.0000	0.0052
53.0000	6.5622	0.1784	-9526.0000	0.0052
53.0000	7.0283	0.0963	-3417.0000	0.0052
53.0000	6.8411	0.1589	-1696.0000	0.0052
53.0000	6.7392	0.1620	-2383.0000	0.0052
54.0000	7.2863	0.0995	-8349.0000	0.0053
54.0000	7.0106	0.2471	-8935.0000	0.0053
54.0000	7.3763	0.1496	-2460.0000	0.0053
54.0000	6.4230	0.1058	-8322.0000	0.0053
54.0000	7.4875	0.2038	-6104.0000	0.0053
54.0000	6.8490	0.3017	-7566.0000	0.0053
54.0000	6.7582	0.1363	-9526.0000	0.0053
54.0000	7.2168	0.2172	-3417.0000	0.0053
54.0000	6.8707	0.2422	-1696.0000	0.0053
54.0000	6.7622	0.3109	-2383.0000	0.0053
55.0000	6.8352	0.0751	-8349.0000	0.0054
55.0000	7.3225	0.0923	-8935.0000	0.0054
55.0000	6.6540	0.2048	-2460.0000	0.0054
55.0000	7.1613	0.2003	-8322.0000	0.0054
55.0000	6.6641	0.1375	-6104.0000	0.0054
55.0000	6.6705	0.3024	-7566.0000	0.0054
55.0000	6.8728	0.1586	-9526.0000	0.0054
55.0000	6.7658	0.1086	-3417.0000	0.0054
55.0000	7.1411	0.1166	-1696.0000	0.0054
55.0000	6.4709	0.1378	-2383.0000	0.0054
56.0000	7.3636	0.0614	-8349.0000	0.0055
56.0000	6.9425	0.1126	-8935.0000	0.0055
56.0000	7.1216	0.1305	-2460.0000	0.0055
56.0000	6.9154	0.3019	-8322.0000	0.0055
56.0000	7.0953	0.2611	-6104.0000	0.0055
56.0000	7.4294	0.2123	-7566.0000	0.0055
56.0000	6.8037	0.1418	-9526.0000	0.0055
56.0000	6.7517	0.1205	-3417.0000	0.0055
56.0000	6.6133	0.1110	-1696.0000	0.0055
56.0000	6.3204	0.2628	-2383.0000	0.0055
57.0000	6.7125	0.1100	-8349.0000	0.0056
57.0000	6.7849	0.1056	-8935.0000	0.0056
57.0000	6.9884	0.1437	-2460.0000	0.0056
57.0000	6.9843	0.1072	-8322.0000	0.0056
57.0000	6.9756	0.1810	-6104.0000	0.0056
57.0000	7.0859	0.1276	-7566.0000	0.0056
57.0000	6.9828	0.1335	-9526.0000	0.0056
57.0000	6.6730	0.1810	-3417.0000	0.0056
57.0000	6.8590	0.2189	-1696.0000	0.0056
57.0000	6.8413	0.1203	-2383.0000	0.0056
58.0000	7.1765	0.1907	-8349.0000	0.0057
58.0000	6.9849	0.1028	-8935.0000	0.0057
58.0000	7.1799	0.0799	-2460.0000	0.0057
58.0000	6.2476	0.2685	-8322.0000	0.0057
58.0000	6.9987	0.1609	-6104.0000	0.0057
58.0000	6.9981	0.1813	-7566.0000	0.0057
58.0000	6.9007	0.3601	-9526.0000	0.0057
58.0000	7.0745	0.1284	-3417.0000	0.0057
58.0000	6.7007	0.1335	-1696.0000	0.0057
58.0000	6.7032	0.1391	-2383.0000	0.0057
59.0000	7.1007	0.2199	-8349.0000	0.0058
59.0000	7.3539	0.1537	-8935.0000	0.0058
59.0000	6.7114	0.1399	-2460.0000	0.0058
59.0000	7.2318	0.0883	-8322.0000	0.0058
59.0000	6.7120	0.2318	-6104.0000	0.0058
59.0000	6.7955	0.1648	-7566.0000	0.0058
59.0000	7.3860	0.1730	-9526.0000	0.0058
59.0000	6.8592	0.1476	-3417.0000	0.0058
59.0000	7.2917	0.1144	-1696.0000	0.0058
59.0000	6.9525	0.1962	-2383.0000	0.0058
60.0000	7.3563	0.2099	-8349.0000	0.0059
60.0000	7.3089	0.2582	-8935.0000	0.0059
60.0000	7.0976	0.0901	-2460.0000	0.0059
60.0000	6.8667	0.1967	-8322.0000	0.0059
60.0000	6.7506	0.0946	-6104.0000	0.0059
60.0000	7.0059	0.1289	-7566.0000	0.0059
60.0000	6.9997	0.1357	-9526.0000	0.0059
60.0000	6.9279	0.2337	-3417.0000	0.0059
60.0000	6.6283	0.1562	-1696.0000	0.0059
60.0000	6.5691	0.1109	-2383.0000	0.0059
61.0000	7.2298	0.1334	-8349.0000	0.0060
61.0000	6.8768	0.1944	-8935.0000	0.0060
61.0000	7.0400	0.2188	-2460.0000	0.0060
61.0000	6.5596	0.1945	-8322.0000	0.0060
61.0000	7.0424	0.0937	-6104.0000	0.0060
61.0000	7.0489	0.1603	-7566.0000	0.0060
61.0000	6.7029	0.1488	-9526.0000	0.0060
61.0000	6.8922	0.1588	-3417.0000	0.0060
61.0000	6.7963	0.1198	-1696.0000	0.0060
61.0000	6.5007	0.1505	-2383.0000	0.0060
62.0000	6.6510	0.2329	-8349.0000	0.0061
62.0000	7.0706	0.1668	-8935.0000	0.0061
62.0000	6.6841	0.1351	-2460.0000	0.0061
62.0000	7.3037	0.1094	-8322.0000	0.0061
62.0000	6.7768	0.1611	-6104.0000	0.0061
62.0000	6.6412	0.1305	-7566.0000	0.0061
62.0000	6.5926	0.1253	-9526.0000	0.0061
62.0000	6.8569	0.2679	-3417.0000	0.0061
62.0000	7.0327	0.2631	-1696.0000	0.0061
62.0000	6.7145	0.1463	-2383.0000	0.0061
63.0000	6.8562	0.1734	-8349.0000	0.0062
63.0000	7.4643	0.1441	-8935.0000	0.0062
63.0000	6.7298	0.1547	-2460.0000	0.0062
63.0000	7.0609	0.1200	-8322.0000	0.0062
63.0000	7.1755	0.2880	-6104.0000	0.0062
63.0000	7.0665	0.1221	-7566.0000	0.0062
63.0000	7.7122	0.1571	-9526.0000	0.0062
63.0000	7.0292	0.1493	-3417.0000	0.0062
63.0000	7.0889	0.1156	-1696.0000	0.0062
63.0000	7.2973	0.2685	-2383.0000	0.0062
64.0000	6.7803	0.2525	-8349.0000	0.0063
64.0000	6.8982	0.1520	-8935.0000	0.0063
64.0000	6.6711	0.2041	-2460.0000	0.0063
64.0000	7.0304	0.1858	-8322.0000	0.0063
64.0000	6.9927	0.1917	-6104.0000	0.0063
64.0000	6.4089	0.1464	-7566.0000	0.0063
64.0000	7.1443	0.0735	-9526.0000	0.0063
64.0000	7.0121	0.2225	-3417.0000	0.0063
64.0000	6.8548	0.2192	-1696.0000	0.0063
64.0000	6.6814	0.0982	-2383.0000	0.0063
65.0000	6.8554	0.0933	-8349.0000	0.0064
65.0000	6.9417	0.1414	-8935.0000	0.0064
65.0000	6.8794	0.2810	-2460.0000	0.0064
65.0000	6.9565	0.1075	-8322.0000	0.0064
65.0000	7.4413	0.1382	-6104.0000	0.0064
65.0000	6.7283	0.1922	-7566.0000	0.0064
65.0000	6.8734	0.2915	-9526.0000	0.0064
65.0000	7.1584	0.1316	-3417.0000	0.0064
65.0000	6.6349	0.1245	-1696.0000	0.0064
65.0000	7.3006	0.2827	-2383.0000	0.0064
66.0000	6.8412	0.1967	-8349.0000	0.0065
66.0000	7.2796	0.1568	-8935.0000	0.0065
66.0000	6.5735	0.1635	-2460.0000	0.0065
66.0000	6.9220	0.1555	-8322.0000	0.0065
66.0000	6.7243	0.0765	-6104.0000	0.0065
66.0000	6.6663	0.1661	-7566.0000	0.0065
66.0000	6.5654	0.1034	-9526.0000	0.0065
66.0000	6.2608	0.1223	-3417.0000	0.0065
66.0000	6.6196	0.1893	-1696.0000	0.0065
66.0000	6.8216	0.0840	-2383.0000	0.0065
67.0000	6.9371	0.0834	-8349.0000	0.0066
67.0000	7.1979	0.0841	-8935.0000	0.0066
67.0000	7.2482	0.1184	-2460.0000	0.0066
67.0000	7.0808	0.1888	-8322.0000	0.0066
67.0000	6.9347	0.2037	-6104.0000	0.0066
67.0000	7.0677	0.1468	-7566.0000	0.0066
67.0000	7.2229	0.1567	-9526.0000	0.0066
67.0000	7.0094	0.1352	-3417.0000	0.0066
67.0000	6.7293	0.1746	-1696.0000	0.0066
67.0000	7.1304	0.1248	-2383.0000	0.0066
68.0000	7.3878	0.1073	-8349.0000	0.0067
68.0000	6.9300	0.2081	-8935.0000	0.0067
68.0000	6.5220	0.1381	-2460.0000	0.0067
68.0000	6.9474	0.1277	-8322.0000	0.0067
68.0000	6.8719	0.2043	-6104.0000	0.0067
68.0000	6.9828	0.1319	-7566.0000	0.0067
68.0000	6.9788	0.2091	-9526.0000	0.0067
68.0000	7.0029	0.1769	-3417.0000	0.0067
68.0000	7.0313	0.1843	-1696.0000	0.0067
68.0000	6.7188	0.2372	-2383.0000	0.0067
69.0000	7.1900	0.1038	-8349.0000	0.0068
69.0000	6.9916	0.1689	-8935.0000	0.0068
69.0000	7.2197	0.1718	-2460.0000	0.0068
69.0000	6.6927	0.3932	-8322.0000	0.0068
69.0000	6.9699	0.1684	-6104.0000	0.0068
69.0000	6.8997	0.1131	-7566.0000	0.0068
69.0000	6.9775	0.1138	-9526.0000	0.0068
69.0000	6.9303	0.1146	-3417.0000	0.0068
69.0000	6.8980	0.2687	-1696.0000	0.0068
69.0000	6.9638	0.1207	-2383.0000	0.0068
70.0000	7.1995	0.1460	-8349.0000	0.0069
70.0000	7.4398	0.1010	-8935.0000	0.0069
70.0000	6.6941	0.1209	-2460.0000	0.0069
70.0000	6.9931	0.1518	-8322.0000	0.0069
70.0000	6.6526	0.1275	-6104.0000	0.0069
70.0000	6.9534	0.1352	-7566.0000	0.0069
70.0000	7.4373	0.1676	-9526.0000	0.0069
70.0000	7.2467	0.1764	-3417.0000	0.0069
70.0000	6.9051	0.0949	-1696.0000	0.0069
70.0000	7.1416	0.1285	-2383.0000	0.0069
71.0000	6.9273	0.1201	-8349.0000	0.0070
71.0000	6.8758	0.1740	-8935.0000	0.0070
71.0000	7.1459	0.3083	-2460.0000	0.0070
71.0000	7.1221	0.2593	-8322.0000	0.0070
71.0000	7.0155	0.2143	-6104.0000	0.0070
71.0000	6.8341	0.2561	-7566.0000	0.0070
71.0000	6.9685	0.2433	-9526.0000	0.0070
71.0000	6.8505	0.0731	-3417.0000	0.0070
71.0000	7.1899	0.0922	-1696.0000	0.0070
71.0000	6.9392	0.1072	-2383.0000	0.0070
72.0000	6.9344	0.1465	-8349.0000	0.0071
72.0000	7.0325	0.1244	-8935.0000	0.0071
72.0000	6.7530	0.1114	-2460.0000	0.0071
72.0000	6.8949	0.1082	-8322.0000	0.0071
72.0000	6.8368	0.1487	-6104.0000	0.0071
72.0000	6.9567	0.1922	-7566.0000	0.0071
72.0000	6.7490	0.1225	-9526.0000	0.0071
72.0000	7.4742	0.2363	-3417.0000	0.0071
72.0000	6.7503	0.4191	-1696.0000	0.0071
72.0000	7.0857	0.1465	-2383.0000	0.0071
73.0000	7.1005	0.1409	-8349.0000	0.0072
73.0000	6.7169	0.1014	-8935.0000	0.0072
73.0000	6.6947	0.1216	-2460.0000	0.0072
73.0000	7.2365	0.2488	-8322.0000	0.0072
73.0000	7.0312	0.1187	-6104.0000	0.0072
73.0000	6.9297	0.1339	-7566.0000	0.0072
73.0000	6.8734	0.1519	-9526.0000	0.0072
73.0000	7.1824	0.3124	-3417.0000	0.0072
73.0000	7.6021	0.1588	-1696.0000	0.0072
73.0000	6.7418	0.1528	-2383.0000	0.0072
74.0000	7.1402	0.1334	-8349.0000	0.0073
74.0000	6.9660	0.1719	-8935.0000	0.0073
74.0000	7.0256	0.2105	-2460.0000	0.0073
74.0000	6.9994	0.1642	-8322.0000	0.0073
74.0000	7.1422	0.2882	-6104.0000	0.0073
74.0000	7.2122	0.1875	-7566.0000	0.0073
74.0000	6.8147	0.1407	-9526.0000	0.0073
74.0000	7.1887	0.0530	-3417.0000	0.0073
74.0000	6.9241	0.1816	-1696.0000	0.0073
74.0000	7.4805	0.1989	-2383.0000	0.0073
75.0000	7.2540	0.1427	-8349.0000	0.0074
75.0000	7.1147	0.2617	-8935.0000	0.0074
75.0000	6.7443	0.2296	-2460.0000	0.0074
75.0000	6.9908	0.1479	-8322.0000	0.0074
75.0000	7.2792	0.1581	-6104.0000	0.0074
75.0000	6.6617	0.1256	-7566.0000	0.0074
75.0000	6.8942	0.1292	-9526.0000	0.0074
75.0000	6.5633	0.1791	-3417.0000	0.0074
75.0000	7.0817	0.1981	-1696.0000	0.0074
75.0000	7.1169	0.2451	-2383.0000	0.0074
76.0000	6.6923	0.1941	-8349.0000	0.0075
76.0000	7.1582	0.1524	-8935.0000	0.0075
76.0000	7.0306	0.1583	-2460.0000	0.0075
76.0000	6.8929	0.1590	-8322.0000	0.0075
76.0000	7.3042	0.2047	-6104.0000	0.0075
76.0000	7.0066	0.1873	-7566.0000	0.0075
76.0000	6.6637	0.0740	-9526.0000	0.0075
76.0000	6.7055	0.1554	-3417.0000	0.0075
76.0000	6.5455	0.0928	-1696.0000	0.0075
76.0000	7.1192	0.1313	-2383.0000	0.0075
77.0000	6.8562	0.1087	-8349.0000	0.0076
77.0000	6.6631	0.0631	-8935.0000	0.0076
77.0000	6.9651	0.1680	-2460.0000	0.0076
77.0000	7.2594	0.1295	-8322.0000	0.0076
77.0000	6.9482	0.1151	-6104.0000	0.0076
77.0000	6.9288	0.2149	-7566.0000	0.0076
77.0000	7.0908	0.0755	-9526.0000	0.0076
77.0000	6.9290	0.1621	-3417.0000	0.0076
77.0000	6.8212	0.1149	-1696.0000	0.0076
77.0000	7.2494	0.1568	-2383.0000	0.0076
78.0000	7.1524	0.1777	-8349.0000	0.0077
78.0000	6.6622	0.2494	-8935.0000	0.0077
78.0000	7.2994	0.1352	-2460.0000	0.0077
78.0000	7.4856	0.1308	-8322.0000	0.0077
78.0000	6.9428	0.1468	-6104.0000	0.0077
78.0000	6.9803	0.1643	-7566.0000	0.0077
78.0000	6.9860	0.0889	-9526.0000	0.0077
78.0000	6.8676	0.1547	-3417.0000	0.0077
78.0000	6.7106	0.1715	-1696.0000	0.0077
78.0000	7.1416	0.0988	-2383.0000	0.0077
79.0000	6.6496	0.1461	-8349.0000	0.0078
79.0000	7.1648	0.1544	-8935.0000	0.0078
79.0000	6.6430	0.1623	-2460.0000	0.0078
79.0000	6.5944	0.2712	-8322.0000	0.0078
79.0000	6.8900	0.1025	-6104.0000	0.0078
79.0000	7.1717	0.1906	-7566.0000	0.0078
79.0000	6.9496	0.1692	-9526.0000	0.0078
79.0000	7.2195	0.1797	-3417.0000	0.0078
79.0000	7.0980	0.1443	-1696.0000	0.0078
79.0000	6.5698	0.2284	-2383.0000	0.0078
80.0000	6.8502	0.0915	-8349.0000	0.0079
80.0000	7.0187	0.1550	-8935.0000	0.0079
80.0000	7.2022	0.1007	-2460.0000	0.0079
80.0000	7.1421	0.0725	-8322.0000	0.0079
80.0000	7.1018	0.1825	-6104.0000	0.0079
80.0000	7.0700	0.1359	-7566.0000	0.0079
80.0000	7.2161	0.0956	-9526.0000	0.0079
80.0000	7.1478	0.1292	-3417.0000	0.0079
80.0000	6.9946	0.1384	-1696.0000	0.0079
80.0000	6.9718	0.2257	-2383.0000	0.0079
81.0000	7.3018	0.1682	-8349.0000	0.0080
81.0000	7.2336	0.1333	-8935.0000	0.0080
81.0000	6.8531	0.2097	-2460.0000	0.0080
81.0000	6.9506	0.1692	-8322.0000	0.0080
81.0000	6.7676	0.1395	-6104.0000	0.0080
81.0000	6.6883	0.1597	-7566.0000	0.0080
81.0000	6.8632	0.1287	-9526.0000	0.0080
81.0000	7.0632	0.0958	-3417.0000	0.0080
81.0000	6.7836	0.1352	-1696.0000	0.0080
81.0000	6.7307	0.1972	-2383.0000	0.0080
82.0000	6.8996	0.1262	-8349.0000	0.0081
82.0000	6.7838	0.1379	-8935.0000	0.0081
82.0000	6.7939	0.1573	-2460.0000	0.0081
82.0000	6.9928	0.1690	-8322.0000	0.0081
82.0000	7.1775	0.1061	-6104.0000	0.0081
82.0000	7.0070	0.1504	-7566.0000	0.0081
82.0000	7.0860	0.1753	-9526.0000	0.0081
82.0000	7.4220	0.1584	-3417.0000	0.0081
82.0000	6.8537	0.1349	-1696.0000	0.0081
82.0000	6.6416	0.1216	-2383.0000	0.0081
83.0000	7.0232	0.1198	-8349.0000	0.0082
83.0000	6.9778	0.2242	-8935.0000	0.0082
83.0000	7.2054	0.1831	-2460.0000	0.0082
83.0000	7.1578	0.2699	-8322.0000	0.0082
83.0000	7.2722	0.1870	-6104.0000	0.0082
83.0000	6.9307	0.1518	-7566.0000	0.0082
83.0000	7.1632	0.1410	-9526.0000	0.0082
83.0000	7.0860	0.1362	-3417.0000	0.0082
83.0000	7.0567	0.1540	-1696.0000	0.0082
83.0000	6.8465	0.1105	-2383.0000	0.0082
84.0000	7.2267	0.2904	-8349.0000	0.0083
84.0000	6.8423	0.1746	-8935.0000	0.0083
84.0000	6.9492	0.1633	-2460.0000	0.0083
84.0000	6.8234	0.1890	-8322.0000	0.0083
84.0000	6.8417	0.1022	-6104.0000	0.0083
84.0000	6.7781	0.1422	-7566.0000	0.0083
84.0000	6.5406	0.1666	-9526.0000	0.0083
84.0000	7.1663	0.1094	-3417.0000	0.0083
84.0000	6.8602	0.1826	-1696.0000	0.0083
84.0000	6.3657	0.0864	-2383.0000	0.0083
85.0000	6.6285	0.0669	-8349.0000	0.0084
85.0000	7.2803	0.0892	-8935.0000	0.0084
85.0000	6.9903	0.1078	-2460.0000	0.0084
85.0000	7.0033	0.1184	-8322.0000	0.0084
85.0000	6.9725	0.1302	-6104.0000	0.0084
85.0000	6.8604	0.1219	-7566.0000	0.0084
85.0000	6.7181	0.2085	-9526.0000	0.0084
85.0000	6.6857	0.1999	-3417.0000	0.0084
85.0000	6.9003	0.0628	-1696.0000	0.0084
85.0000	6.9791	0.1364	-2383.0000	0.0084
86.0000	7.0042	0.1254	-8349.0000	0.0085
86.0000	6.7441	0.1260	-8935.0000	0.0085
86.0000	6.9282	0.0927	-2460.0000	0.0085
86.0000	7.2726	0.1727	-8322.0000	0.0085
86.0000	6.8743	0.1514	-6104.0000	0.0085
86.0000	7.0349	0.1268	-7566.0000	0.0085
86.0000	7.2548	0.1358	-9526.0000	0.0085
86.0000	6.7046	0.0771	-3417.0000	0.0085
86.0000	6.6663	0.0877	-1696.0000	0.0085
86.0000	7.1476	0.1480	-2383.0000	0.0085
87.0000	7.0356	0.1016	-8349.0000	0.0086
87.0000	7.0327	0.1269	-8935.0000	0.0086
87.0000	6.6440	0.1015	-2460.0000	0.0086
87.0000	7.1601	0.1003	-8322.0000	0.0086
87.0000	6.9092	0.0981	-6104.0000	0.0086
87.0000	7.0130	0.0841	-7566.0000	0.0086
87.0000	7.3119	0.1575	-9526.0000	0.0086
87.0000	6.7993	0.1456	-3417.0000	0.0086
87.0000	6.8305	0.1073	-1696.0000	0.0086
87.0000	7.1165	0.1174	-2383.0000	0.0086
88.0000	7.0061	0.2495	-8349.0000	0.0087
88.0000	6.7865	0.1806	-8935.0000	0.0087
88.0000	7.1132	0.1419	-2460.0000	0.0087
88.0000	6.8090	0.0746	-8322.0000	0.0087
88.0000	7.0910	0.1070	-6104.0000	0.0087
88.0000	6.7824	0.0758	-7566.0000	0.0087
88.0000	6.9460	0.0448	-9526.0000	0.0087
88.0000	7.1207	0.1292	-3417.0000	0.0087
88.0000	6.8878	0.1753	-1696.0000	0.0087
88.0000	6.8991	0.1176	-2383.0000	0.0087
89.0000	7.3635	0.0880	-8349.0000	0.0088
89.0000	6.4902	0.2218	-8935.0000	0.0088
89.0000	7.1678	0.2755	-2460.0000	0.0088
89.0000	6.9873	0.0997	-8322.0000	0.0088
89.0000	7.0051	0.1060	-6104.0000	0.0088
89.0000	7.1119	0.0584	-7566.0000	0.0088
89.0000	6.8594	0.1182	-9526.0000	0.0088
89.0000	7.3504	0.1292	-3417.0000	0.0088
89.0000	7.1951	0.1297	-1696.0000	0.0088
89.0000	7.0060	0.1252	-2383.0000	0.0088
90.0000	7.0741	0.0549	-8349.0000	0.0089
90.0000	7.0881	0.1402	-8935.0000	0.0089
90.0000	6.9116	0.1158	-2460.0000	0.0089
90.0000	6.8244	0.1105	-8322.0000	0.0089
90.0000	7.0009	0.1248	-6104.0000	0.0089
90.0000	6.9660	0.1594	-7566.0000	0.0089
90.0000	6.9881	0.2146	-9526.0000	0.0089
90.0000	7.3311	0.2201	-3417.0000	0.0089
90.0000	6.5835	0.0807	-1696.0000	0.0089
90.0000	7.1257	0.1323	-2383.0000	0.0089
91.0000	7.0013	0.1225	-8349.0000	0.0090
91.0000	7.0099	0.1200	-8935.0000	0.0090
91.0000	7.2206	0.1448	-2460.0000	0.0090
91.0000	6.9628	0.0850	-8322.0000	0.0090
91.0000	6.9509	0.1434	-6104.0000	0.0090
91.0000	7.1304	0.0992	-7566.0000	0.0090
91.0000	6.8392	0.0935	-9526.0000	0.0090
91.0000	6.8678	0.1488	-3417.0000	0.0090
91.0000	6.9229	0.1374	-1696.0000	0.0090
91.0000	6.9323	0.0533	-2383.0000	0.0090
92.0000	7.0402	0.1179	-8349.0000	0.0091
92.0000	7.0287	0.0725	-8935.0000	0.0091
92.0000	7.1232	0.1118	-2460.0000	0.0091
92.0000	7.1175	0.1161	-8322.0000	0.0091
92.0000	6.8318	0.1207	-6104.0000	0.0091
92.0000	6.5153	0.0803	-7566.0000	0.0091
92.0000	6.5787	0.1133	-9526.0000	0.0091
92.0000	6.9151	0.1212	-3417.0000	0.0091
92.0000	7.3634	0.1147	-1696.0000	0.0091
92.0000	7.2715	0.1050	-2383.0000	0.0091
93.0000	6.8016	0.1469	-8349.0000	0.0092
93.0000	7.0315	0.1166	-8935.0000	0.0092
93.0000	7.2266	0.0722	-2460.0000	0.0092
93.0000	6.7192	0.1040	-8322.0000	0.0092
93.0000	6.9810	0.2313	-6104.0000	0.0092
93.0000	6.9041	0.1353	-7566.0000	0.0092
93.0000	7.0930	0.1128	-9526.0000	0.0092
93.0000	7.0655	0.1640	-3417.0000	0.0092
93.0000	6.5393	0.1936	-1696.0000	0.0092
93.0000	7.1514	0.1072	-2383.0000	0.0092
94.0000	7.0392	0.0859	-8349.0000	0.0093
94.0000	6.8575	0.0589	-8935.0000	0.0093
94.0000	7.1668	0.1083	-2460.0000	0.0093
94.0000	6.9411	0.0780	-8322.0000	0.0093
94.0000	6.9433	0.1610	-6104.0000	0.0093
94.0000	7.1547	0.1072	-7566.0000	0.0093
94.0000	7.2053	0.1146	-9526.0000	0.0093
94.0000	6.8328	0.0988	-3417.0000	0.0093
94.0000	7.5947	0.1545	-1696.0000	0.0093
94.0000	7.0472	0.1334	-2383.0000	0.0093
95.0000	6.6584	0.1087	-8349.0000	0.0094
95.0000	7.2179	0.1008	-8935.0000	0.0094
95.0000	6.7288	0.1502	-2460.0000	0.0094
95.0000	6.8623	0.0658	-8322.0000	0.0094
95.0000	7.2975	0.1106	-6104.0000	0.0094
95.0000	6.8794	0.0943	-7566.0000	0.0094
95.0000	7.0528	0.1262	-9526.0000	0.0094
95.0000	6.8910	0.2148	-3417.0000	0.0094
95.0000	7.0133	0.1235	-1696.0000	0.0094
95.0000	7.6020	0.2043	-2383.0000	0.0094
96.0000	6.7842	0.1264	-8349.0000	0.0095
96.0000	7.1682	0.1962	-8935.0000	0.0095
96.0000	7.1274	0.1573	-2460.0000	0.0095
96.0000	6.7550	0.1109	-8322.0000	0.0095
96.0000	6.9764	0.1351	-6104.0000	0.0095
96.0000	7.2048	0.1263	-7566.0000	0.0095
96.0000	7.3111	0.1333	-9526.0000	0.0095
96.0000	7.3771	0.2016	-3417.0000	0.0095
96.0000	6.8475	0.1342	-1696.0000	0.0095
96.0000	6.6266	0.1141	-2383.0000	0.0095
97.0000	7.1624	0.1041	-8349.0000	0.0096
97.0000	6.9535	0.0764	-8935.0000	0.0096
97.0000	7.3015	0.1527	-2460.0000	0.0096
97.0000	7.1185	0.0907	-8322.0000	0.0096
97.0000	7.2154	0.1855	-6104.0000	0.0096
97.0000	7.4291	0.1347	-7566.0000	0.0096
97.0000	7.4270	0.0802	-9526.0000	0.0096
97.0000	6.9851	0.1584	-3417.0000	0.0096
97.0000	6.8620	0.1198	-1696.0000	0.0096
97.0000	7.1350	0.1617	-2383.0000	0.0096
98.0000	7.2082	0.0843	-8349.0000	0.0097
98.0000	7.1295	0.1334	-8935.0000	0.0097
98.0000	6.9772	0.1581	-2460.0000	0.0097
98.0000	7.2350	0.1195	-8322.0000	0.0097
98.0000	7.2230	0.0985	-6104.0000	0.0097
98.0000	6.8019	0.0955	-7566.0000	0.0097
98.0000	7.1278	0.1401	-9526.0000	0.0097
98.0000	7.0136	0.1235	-3417.0000	0.0097
98.0000	6.9827	0.3015	-1696.0000	0.0097
98.0000	7.0389	0.1677	-2383.0000	0.0097
99.0000	6.9053	0.1360	-8349.0000	0.0098
99.0000	7.0267	0.1716	-8935.0000	0.0098
99.0000	6.9278	0.2176	-2460.0000	0.0098
99.0000	6.9097	0.1287	-8322.0000	0.0098
99.0000	6.8785	0.1153	-6104.0000	0.0098
99.0000	7.1841	0.0965	-7566.0000	0.0098
99.0000	7.1251	0.1228	-9526.0000	0.0098
99.0000	6.6970	0.0950	-3417.0000	0.0098
99.0000	6.9635	0.2014	-1696.0000	0.0098
99.0000	7.0586	0.2242	-2383.0000	0.0098
100.0000	7.0485	0.0829	-8349.0000	0.0099
100.0000	6.8276	0.1287	-8935.0000	0.0099
100.0000	7.0746	0.1171	-2460.0000	0.0099
100.0000	7.3360	0.1523	-8322.0000	0.0099
100.0000	7.0423	0.1381	-6104.0000	0.0099
100.0000	6.6998	0.1455	-7566.0000	0.0099
100.0000	6.8430	0.1246	-9526.0000	0.0099
100.0000	6.8931	0.0988	-3417.0000	0.0099
100.0000	7.2431	0.1314	-1696.0000	0.0099
100.0000	6.9750	0.0739	-2383.0000	0.0099
