N pol   	Mean    	Std     	Seed    	FracP   
1.0000	3.7958	0.9623	-8349.0000	0.0001
1.0000	2.7759	0.7298	-8935.0000	0.0001
1.0000	4.8347	0.9159	-2460.0000	0.0001
1.0000	4.0563	0.7862	-8322.0000	0.0001
1.0000	3.3685	0.9660	-6104.0000	0.0001
1.0000	4.4731	0.7382	-7566.0000	0.0001
1.0000	2.5893	0.8466	-9526.0000	0.0001
1.0000	4.3773	0.6697	-3417.0000	0.0001
1.0000	3.7979	0.2245	-1696.0000	0.0001
1.0000	4.2621	0.9171	-2383.0000	0.0001
1.0000	4.5877	0.9632	-1083.0000	0.0001
1.0000	4.6742	0.6777	-2845.0000	0.0001
1.0000	4.2052	0.8229	-7145.0000	0.0001
1.0000	3.5814	0.9263	-7949.0000	0.0001
1.0000	4.6158	0.8840	-5012.0000	0.0001
1.0000	3.7003	0.4437	-3332.0000	0.0001
1.0000	4.1143	0.5466	-1694.0000	0.0001
1.0000	3.3828	0.8281	-3838.0000	0.0001
1.0000	3.8561	1.1804	-9090.0000	0.0001
1.0000	3.4770	1.0702	-9668.0000	0.0001
1.0000	3.7213	1.4203	-8075.0000	0.0001
1.0000	4.3186	0.7230	-3525.0000	0.0001
1.0000	4.0071	0.6638	-3168.0000	0.0001
1.0000	4.3485	0.5356	-7996.0000	0.0001
1.0000	3.7363	0.6789	-6218.0000	0.0001
1.0000	2.6129	0.4824	-8378.0000	0.0001
1.0000	3.0429	0.5163	-2997.0000	0.0001
1.0000	3.4749	0.8176	-5572.0000	0.0001
1.0000	4.5550	0.9378	-1419.0000	0.0001
1.0000	3.3433	0.6593	-4663.0000	0.0001
1.0000	3.9831	1.1422	-7561.0000	0.0001
1.0000	3.4131	0.5863	-6429.0000	0.0001
1.0000	3.5950	0.7559	-9764.0000	0.0001
1.0000	3.9925	0.4800	-7068.0000	0.0001
1.0000	3.5626	0.7970	-9391.0000	0.0001
1.0000	3.1527	0.8920	-4770.0000	0.0001
1.0000	4.1143	0.5466	-1694.0000	0.0001
1.0000	4.2347	0.8532	-5683.0000	0.0001
1.0000	4.2839	1.3677	-3906.0000	0.0001
1.0000	4.5055	0.3820	-8502.0000	0.0001
1.0000	4.6939	1.2359	-5695.0000	0.0001
1.0000	4.0183	0.5705	-7929.0000	0.0001
1.0000	3.9197	0.4281	-4798.0000	0.0001
1.0000	5.0767	0.1437	-9818.0000	0.0001
1.0000	3.9847	0.8290	-7579.0000	0.0001
1.0000	3.5628	0.7309	-1465.0000	0.0001
1.0000	2.0148	0.7137	-2944.0000	0.0001
1.0000	2.1667	0.3131	-2102.0000	0.0001
1.0000	3.3813	0.7366	-5319.0000	0.0001
1.0000	3.0447	1.0220	-6397.0000	0.0001
2.0000	3.7182	0.4388	-8349.0000	0.0002
2.0000	3.4558	0.2474	-8935.0000	0.0002
2.0000	4.5252	0.4985	-2460.0000	0.0002
2.0000	3.8449	1.1440	-8322.0000	0.0002
2.0000	4.4730	0.4811	-6104.0000	0.0002
2.0000	3.6605	0.4187	-7566.0000	0.0002
2.0000	2.9531	0.4317	-9526.0000	0.0002
2.0000	3.5988	0.5641	-3417.0000	0.0002
2.0000	3.2548	0.5321	-1696.0000	0.0002
2.0000	3.9075	0.4008	-2383.0000	0.0002
2.0000	2.8400	0.3355	-1083.0000	0.0002
2.0000	3.7472	0.2915	-2845.0000	0.0002
2.0000	3.4648	0.3381	-7145.0000	0.0002
2.0000	2.8719	0.6811	-7949.0000	0.0002
2.0000	2.7370	0.8792	-5012.0000	0.0002
2.0000	4.2649	0.7015	-3332.0000	0.0002
2.0000	3.0446	0.6970	-1694.0000	0.0002
2.0000	4.0815	0.3409	-3838.0000	0.0002
2.0000	4.3224	0.4726	-9090.0000	0.0002
2.0000	3.1570	0.4023	-9668.0000	0.0002
2.0000	3.2531	0.6520	-8075.0000	0.0002
2.0000	3.9785	0.5098	-3525.0000	0.0002
2.0000	4.1372	0.6323	-3168.0000	0.0002
2.0000	3.8572	0.5185	-7996.0000	0.0002
2.0000	4.2171	0.5454	-6218.0000	0.0002
2.0000	4.0848	0.1338	-8378.0000	0.0002
2.0000	4.2615	0.8286	-2997.0000	0.0002
2.0000	3.0222	0.7617	-5572.0000	0.0002
2.0000	3.3138	0.5727	-1419.0000	0.0002
2.0000	3.2001	0.3880	-4663.0000	0.0002
2.0000	4.1571	0.3545	-7561.0000	0.0002
2.0000	3.1191	0.6516	-6429.0000	0.0002
2.0000	3.2670	0.4034	-9764.0000	0.0002
2.0000	3.8244	0.4465	-7068.0000	0.0002
2.0000	4.1898	0.3032	-9391.0000	0.0002
2.0000	4.1237	0.6567	-4770.0000	0.0002
2.0000	3.0446	0.6970	-1694.0000	0.0002
2.0000	4.1876	0.5639	-5683.0000	0.0002
2.0000	4.0423	0.3680	-3906.0000	0.0002
2.0000	3.6095	1.1743	-8502.0000	0.0002
2.0000	4.0654	0.2936	-5695.0000	0.0002
2.0000	4.3716	0.5643	-7929.0000	0.0002
2.0000	3.8308	0.4851	-4798.0000	0.0002
2.0000	3.6939	0.3968	-9818.0000	0.0002
2.0000	3.8934	1.0189	-7579.0000	0.0002
2.0000	3.5092	0.3785	-1465.0000	0.0002
2.0000	4.2617	0.4087	-2944.0000	0.0002
2.0000	3.8840	0.2658	-2102.0000	0.0002
2.0000	3.1069	0.8565	-5319.0000	0.0002
2.0000	3.7717	0.6416	-6397.0000	0.0002
3.0000	3.0113	0.2942	-8349.0000	0.0003
3.0000	3.3492	0.4351	-8935.0000	0.0003
3.0000	3.1031	0.0811	-2460.0000	0.0003
3.0000	3.7288	0.5785	-8322.0000	0.0003
3.0000	3.8704	0.4095	-6104.0000	0.0003
3.0000	3.6634	0.2066	-7566.0000	0.0003
3.0000	2.8831	0.2762	-9526.0000	0.0003
3.0000	3.5101	0.4962	-3417.0000	0.0003
3.0000	3.8715	0.4614	-1696.0000	0.0003
3.0000	4.4654	0.3900	-2383.0000	0.0003
3.0000	3.6376	0.5562	-1083.0000	0.0003
3.0000	3.6146	0.7152	-2845.0000	0.0003
3.0000	3.5958	0.6558	-7145.0000	0.0003
3.0000	4.1078	0.5120	-7949.0000	0.0003
3.0000	3.5734	0.6968	-5012.0000	0.0003
3.0000	3.6277	0.3730	-3332.0000	0.0003
3.0000	3.2907	0.5503	-1694.0000	0.0003
3.0000	3.7042	0.6811	-3838.0000	0.0003
3.0000	4.1967	0.4774	-9090.0000	0.0003
3.0000	4.0720	0.4593	-9668.0000	0.0003
3.0000	3.7004	0.7866	-8075.0000	0.0003
3.0000	3.6574	0.4975	-3525.0000	0.0003
3.0000	4.3378	0.3583	-3168.0000	0.0003
3.0000	3.2919	0.2861	-7996.0000	0.0003
3.0000	3.6612	0.2911	-6218.0000	0.0003
3.0000	4.1756	0.3163	-8378.0000	0.0003
3.0000	3.8377	0.1863	-2997.0000	0.0003
3.0000	3.6698	0.3829	-5572.0000	0.0003
3.0000	3.9544	0.2582	-1419.0000	0.0003
3.0000	2.3923	0.4558	-4663.0000	0.0003
3.0000	4.3698	0.2205	-7561.0000	0.0003
3.0000	3.1013	0.5003	-6429.0000	0.0003
3.0000	3.9682	0.3510	-9764.0000	0.0003
3.0000	3.5510	0.5679	-7068.0000	0.0003
3.0000	3.9601	0.6343	-9391.0000	0.0003
3.0000	4.6921	0.2000	-4770.0000	0.0003
3.0000	3.2907	0.5503	-1694.0000	0.0003
3.0000	3.4880	0.5560	-5683.0000	0.0003
3.0000	3.6102	0.4341	-3906.0000	0.0003
3.0000	3.4854	0.3973	-8502.0000	0.0003
3.0000	3.9587	0.5064	-5695.0000	0.0003
3.0000	4.6796	0.3236	-7929.0000	0.0003
3.0000	3.7361	0.4366	-4798.0000	0.0003
3.0000	4.0667	0.3902	-9818.0000	0.0003
3.0000	3.8374	0.2020	-7579.0000	0.0003
3.0000	2.6392	0.6487	-1465.0000	0.0003
3.0000	3.7789	0.6091	-2944.0000	0.0003
3.0000	3.1686	0.1488	-2102.0000	0.0003
3.0000	3.2912	0.3288	-5319.0000	0.0003
3.0000	3.0519	0.3739	-6397.0000	0.0003
4.0000	3.6141	0.3513	-8349.0000	0.0004
4.0000	3.7462	0.3252	-8935.0000	0.0004
4.0000	4.1504	0.3951	-2460.0000	0.0004
4.0000	4.2848	0.1297	-8322.0000	0.0004
4.0000	4.5091	0.2606	-6104.0000	0.0004
4.0000	3.5371	0.4007	-7566.0000	0.0004
4.0000	3.5825	0.7542	-9526.0000	0.0004
4.0000	3.5913	0.5491	-3417.0000	0.0004
4.0000	3.5848	0.3384	-1696.0000	0.0004
4.0000	3.6706	0.4805	-2383.0000	0.0004
4.0000	4.0599	0.0859	-1083.0000	0.0004
4.0000	3.5385	0.2185	-2845.0000	0.0004
4.0000	3.8506	0.2957	-7145.0000	0.0004
4.0000	3.6893	0.1646	-7949.0000	0.0004
4.0000	3.8126	0.2256	-5012.0000	0.0004
4.0000	3.6803	0.3351	-3332.0000	0.0004
4.0000	2.9029	0.3207	-1694.0000	0.0004
4.0000	3.3167	0.4747	-3838.0000	0.0004
4.0000	3.5473	0.4046	-9090.0000	0.0004
4.0000	3.8933	0.2614	-9668.0000	0.0004
4.0000	3.1880	0.2411	-8075.0000	0.0004
4.0000	3.7160	0.4945	-3525.0000	0.0004
4.0000	4.0964	0.2855	-3168.0000	0.0004
4.0000	4.0964	0.5247	-7996.0000	0.0004
4.0000	3.7323	0.6461	-6218.0000	0.0004
4.0000	3.6938	0.5061	-8378.0000	0.0004
4.0000	3.7027	0.2237	-2997.0000	0.0004
4.0000	4.1289	0.5455	-5572.0000	0.0004
4.0000	3.7170	0.3805	-1419.0000	0.0004
4.0000	3.8156	0.2014	-4663.0000	0.0004
4.0000	4.3024	0.5062	-7561.0000	0.0004
4.0000	4.1815	0.5990	-6429.0000	0.0004
4.0000	3.5579	0.4099	-9764.0000	0.0004
4.0000	4.1402	0.4187	-7068.0000	0.0004
4.0000	4.1244	0.1421	-9391.0000	0.0004
4.0000	4.0915	0.4489	-4770.0000	0.0004
4.0000	2.9029	0.3207	-1694.0000	0.0004
4.0000	3.3627	0.2657	-5683.0000	0.0004
4.0000	3.5693	0.2931	-3906.0000	0.0004
4.0000	3.4693	0.2652	-8502.0000	0.0004
4.0000	3.9331	0.4478	-5695.0000	0.0004
4.0000	3.7415	0.4285	-7929.0000	0.0004
4.0000	3.9687	0.2547	-4798.0000	0.0004
4.0000	4.0799	0.6125	-9818.0000	0.0004
4.0000	4.0349	0.2545	-7579.0000	0.0004
4.0000	3.4707	0.4563	-1465.0000	0.0004
4.0000	3.8520	0.2130	-2944.0000	0.0004
4.0000	3.3010	0.4272	-2102.0000	0.0004
4.0000	3.4912	0.9000	-5319.0000	0.0004
4.0000	2.9922	0.2793	-6397.0000	0.0004
5.0000	4.3491	0.4582	-8349.0000	0.0005
5.0000	4.1607	0.2788	-8935.0000	0.0005
5.0000	3.0927	0.3565	-2460.0000	0.0005
5.0000	3.8897	0.2732	-8322.0000	0.0005
5.0000	3.4786	0.2870	-6104.0000	0.0005
5.0000	3.8373	0.4481	-7566.0000	0.0005
5.0000	3.8322	0.4894	-9526.0000	0.0005
5.0000	3.5656	0.4723	-3417.0000	0.0005
5.0000	3.5849	0.3359	-1696.0000	0.0005
5.0000	3.6849	0.2458	-2383.0000	0.0005
5.0000	3.4076	0.3569	-1083.0000	0.0005
5.0000	3.6072	0.3069	-2845.0000	0.0005
5.0000	3.8236	0.2888	-7145.0000	0.0005
5.0000	3.7894	0.5059	-7949.0000	0.0005
5.0000	3.4876	0.2721	-5012.0000	0.0005
5.0000	3.8949	0.4865	-3332.0000	0.0005
5.0000	4.2132	0.3776	-1694.0000	0.0005
5.0000	3.6682	0.4793	-3838.0000	0.0005
5.0000	3.4853	0.6752	-9090.0000	0.0005
5.0000	3.4878	0.3098	-9668.0000	0.0005
5.0000	4.2072	0.1287	-8075.0000	0.0005
5.0000	3.5138	0.1928	-3525.0000	0.0005
5.0000	3.4522	0.2738	-3168.0000	0.0005
5.0000	3.6062	0.5300	-7996.0000	0.0005
5.0000	3.9778	0.3614	-6218.0000	0.0005
5.0000	3.5399	0.1676	-8378.0000	0.0005
5.0000	3.8214	0.1821	-2997.0000	0.0005
5.0000	3.9228	0.2872	-5572.0000	0.0005
5.0000	3.6450	0.4088	-1419.0000	0.0005
5.0000	3.4036	0.3735	-4663.0000	0.0005
5.0000	3.7979	0.4044	-7561.0000	0.0005
5.0000	4.1832	0.3834	-6429.0000	0.0005
5.0000	3.7425	0.3735	-9764.0000	0.0005
5.0000	3.9337	0.3152	-7068.0000	0.0005
5.0000	4.1532	0.1718	-9391.0000	0.0005
5.0000	3.4844	0.3559	-4770.0000	0.0005
5.0000	4.2132	0.3776	-1694.0000	0.0005
5.0000	4.1715	0.5800	-5683.0000	0.0005
5.0000	3.6072	0.4009	-3906.0000	0.0005
5.0000	4.2394	0.1539	-8502.0000	0.0005
5.0000	4.1083	0.3757	-5695.0000	0.0005
5.0000	3.5252	0.4254	-7929.0000	0.0005
5.0000	4.1531	0.3601	-4798.0000	0.0005
5.0000	3.6141	0.2566	-9818.0000	0.0005
5.0000	3.3098	0.2252	-7579.0000	0.0005
5.0000	3.2515	0.2590	-1465.0000	0.0005
5.0000	3.8181	0.3652	-2944.0000	0.0005
5.0000	3.8819	0.2688	-2102.0000	0.0005
5.0000	3.3394	0.3876	-5319.0000	0.0005
5.0000	3.3595	0.2281	-6397.0000	0.0005
6.0000	3.7699	0.2239	-8349.0000	0.0006
6.0000	3.7952	0.4147	-8935.0000	0.0006
6.0000	3.5954	0.5371	-2460.0000	0.0006
6.0000	3.6891	0.3370	-8322.0000	0.0006
6.0000	3.8443	0.3467	-6104.0000	0.0006
6.0000	3.3563	0.2417	-7566.0000	0.0006
6.0000	3.8108	0.4702	-9526.0000	0.0006
6.0000	3.5888	0.3282	-3417.0000	0.0006
6.0000	4.0166	0.4762	-1696.0000	0.0006
6.0000	3.8580	0.5076	-2383.0000	0.0006
6.0000	4.0365	0.5802	-1083.0000	0.0006
6.0000	3.6389	0.5211	-2845.0000	0.0006
6.0000	3.3758	0.2157	-7145.0000	0.0006
6.0000	4.2052	0.4499	-7949.0000	0.0006
6.0000	3.2688	0.3786	-5012.0000	0.0006
6.0000	3.6845	0.3263	-3332.0000	0.0006
6.0000	3.4380	0.1456	-1694.0000	0.0006
6.0000	3.3823	0.4926	-3838.0000	0.0006
6.0000	3.9822	0.1928	-9090.0000	0.0006
6.0000	2.8775	0.2420	-9668.0000	0.0006
6.0000	3.3242	0.1787	-8075.0000	0.0006
6.0000	3.4842	0.3909	-3525.0000	0.0006
6.0000	4.0730	0.3953	-3168.0000	0.0006
6.0000	3.8474	0.2196	-7996.0000	0.0006
6.0000	3.6839	0.3533	-6218.0000	0.0006
6.0000	3.5825	0.3821	-8378.0000	0.0006
6.0000	3.6120	0.4571	-2997.0000	0.0006
6.0000	3.4732	0.1636	-5572.0000	0.0006
6.0000	3.5320	0.3371	-1419.0000	0.0006
6.0000	3.4801	0.3052	-4663.0000	0.0006
6.0000	3.6623	0.3965	-7561.0000	0.0006
6.0000	3.8729	0.3017	-6429.0000	0.0006
6.0000	3.5825	0.5604	-9764.0000	0.0006
6.0000	3.4040	0.3155	-7068.0000	0.0006
6.0000	4.0572	0.2306	-9391.0000	0.0006
6.0000	3.5079	0.2891	-4770.0000	0.0006
6.0000	3.4380	0.1456	-1694.0000	0.0006
6.0000	3.3007	0.3266	-5683.0000	0.0006
6.0000	3.4727	0.5668	-3906.0000	0.0006
6.0000	3.4574	0.4171	-8502.0000	0.0006
6.0000	4.1332	0.2700	-5695.0000	0.0006
6.0000	3.3964	0.3836	-7929.0000	0.0006
6.0000	3.7218	0.3000	-4798.0000	0.0006
6.0000	3.3883	0.2535	-9818.0000	0.0006
6.0000	3.8199	0.3277	-7579.0000	0.0006
6.0000	4.2317	0.4034	-1465.0000	0.0006
6.0000	3.2741	0.2212	-2944.0000	0.0006
6.0000	3.4159	0.1937	-2102.0000	0.0006
6.0000	3.5618	0.2301	-5319.0000	0.0006
6.0000	3.5678	0.2680	-6397.0000	0.0006
7.0000	4.0809	0.1158	-8349.0000	0.0007
7.0000	3.6675	0.2055	-8935.0000	0.0007
7.0000	3.8147	0.1934	-2460.0000	0.0007
7.0000	4.1134	0.3869	-8322.0000	0.0007
7.0000	4.1084	0.1863	-6104.0000	0.0007
7.0000	3.3172	0.3612	-7566.0000	0.0007
7.0000	3.5155	0.2618	-9526.0000	0.0007
7.0000	3.9138	0.2875	-3417.0000	0.0007
7.0000	3.5846	0.3205	-1696.0000	0.0007
7.0000	3.4988	0.2554	-2383.0000	0.0007
7.0000	4.1333	0.4766	-1083.0000	0.0007
7.0000	3.7665	0.3089	-2845.0000	0.0007
7.0000	3.7943	0.3961	-7145.0000	0.0007
7.0000	3.5653	0.0956	-7949.0000	0.0007
7.0000	3.4850	0.2532	-5012.0000	0.0007
7.0000	3.8430	0.3369	-3332.0000	0.0007
7.0000	3.4745	0.3873	-1694.0000	0.0007
7.0000	3.5934	0.1967	-3838.0000	0.0007
7.0000	4.0539	0.2995	-9090.0000	0.0007
7.0000	3.4792	0.2700	-9668.0000	0.0007
7.0000	3.9928	0.4584	-8075.0000	0.0007
7.0000	3.6352	0.3922	-3525.0000	0.0007
7.0000	3.0556	0.2394	-3168.0000	0.0007
7.0000	3.7732	0.3675	-7996.0000	0.0007
7.0000	3.9462	0.5140	-6218.0000	0.0007
7.0000	3.2454	0.3012	-8378.0000	0.0007
7.0000	3.5434	0.4889	-2997.0000	0.0007
7.0000	3.8554	0.4102	-5572.0000	0.0007
7.0000	3.6026	0.1768	-1419.0000	0.0007
7.0000	4.3150	0.3868	-4663.0000	0.0007
7.0000	3.9516	0.2572	-7561.0000	0.0007
7.0000	3.5972	0.4081	-6429.0000	0.0007
7.0000	3.6494	0.2261	-9764.0000	0.0007
7.0000	3.4378	0.2135	-7068.0000	0.0007
7.0000	3.5467	0.3739	-9391.0000	0.0007
7.0000	3.5761	0.4311	-4770.0000	0.0007
7.0000	3.4745	0.3873	-1694.0000	0.0007
7.0000	3.9323	0.2083	-5683.0000	0.0007
7.0000	3.8159	0.2719	-3906.0000	0.0007
7.0000	3.5334	0.3841	-8502.0000	0.0007
7.0000	3.4249	0.2126	-5695.0000	0.0007
7.0000	4.1676	0.1833	-7929.0000	0.0007
7.0000	4.1778	0.4842	-4798.0000	0.0007
7.0000	3.3881	0.3202	-9818.0000	0.0007
7.0000	3.7011	0.1702	-7579.0000	0.0007
7.0000	3.9412	0.1960	-1465.0000	0.0007
7.0000	3.5779	0.0676	-2944.0000	0.0007
7.0000	4.2545	0.5193	-2102.0000	0.0007
7.0000	3.9629	0.2416	-5319.0000	0.0007
7.0000	3.7625	0.2182	-6397.0000	0.0007
8.0000	3.7099	0.4014	-8349.0000	0.0008
8.0000	3.7777	0.3121	-8935.0000	0.0008
8.0000	3.1094	0.2080	-2460.0000	0.0008
8.0000	3.7391	0.3279	-8322.0000	0.0008
8.0000	3.8330	0.2552	-6104.0000	0.0008
8.0000	4.1972	0.2763	-7566.0000	0.0008
8.0000	3.6717	0.2047	-9526.0000	0.0008
8.0000	3.6103	0.2406	-3417.0000	0.0008
8.0000	4.0072	0.1479	-1696.0000	0.0008
8.0000	3.9940	0.2732	-2383.0000	0.0008
8.0000	3.7056	0.2570	-1083.0000	0.0008
8.0000	3.9123	0.3858	-2845.0000	0.0008
8.0000	3.8020	0.2086	-7145.0000	0.0008
8.0000	4.0979	0.2598	-7949.0000	0.0008
8.0000	3.9981	0.1802	-5012.0000	0.0008
8.0000	3.4997	0.3156	-3332.0000	0.0008
8.0000	3.7771	0.2700	-1694.0000	0.0008
8.0000	4.1093	0.3065	-3838.0000	0.0008
8.0000	4.1896	0.1928	-9090.0000	0.0008
8.0000	3.4188	0.2938	-9668.0000	0.0008
8.0000	4.1222	0.1819	-8075.0000	0.0008
8.0000	4.0769	0.5193	-3525.0000	0.0008
8.0000	3.2372	0.2991	-3168.0000	0.0008
8.0000	3.5543	0.1723	-7996.0000	0.0008
8.0000	3.2175	0.2953	-6218.0000	0.0008
8.0000	3.8290	0.0982	-8378.0000	0.0008
8.0000	3.3444	0.2059	-2997.0000	0.0008
8.0000	3.6577	0.5332	-5572.0000	0.0008
8.0000	3.3165	0.3573	-1419.0000	0.0008
8.0000	4.0143	0.2616	-4663.0000	0.0008
8.0000	3.9289	0.3277	-7561.0000	0.0008
8.0000	3.7185	0.4404	-6429.0000	0.0008
8.0000	3.8007	0.4438	-9764.0000	0.0008
8.0000	3.5760	0.4656	-7068.0000	0.0008
8.0000	3.9931	0.2720	-9391.0000	0.0008
8.0000	3.8256	0.2699	-4770.0000	0.0008
8.0000	3.7771	0.2700	-1694.0000	0.0008
8.0000	3.3108	0.2434	-5683.0000	0.0008
8.0000	3.6066	0.1943	-3906.0000	0.0008
8.0000	3.9472	0.0739	-8502.0000	0.0008
8.0000	3.6735	0.4366	-5695.0000	0.0008
8.0000	3.5964	0.2706	-7929.0000	0.0008
8.0000	4.4045	0.2325	-4798.0000	0.0008
8.0000	3.1411	0.3703	-9818.0000	0.0008
8.0000	4.1176	0.1191	-7579.0000	0.0008
8.0000	3.3912	0.2891	-1465.0000	0.0008
8.0000	3.4700	0.5292	-2944.0000	0.0008
8.0000	3.6949	0.3075	-2102.0000	0.0008
8.0000	3.6309	0.5242	-5319.0000	0.0008
8.0000	4.1351	0.2398	-6397.0000	0.0008
9.0000	3.7986	0.2124	-8349.0000	0.0009
9.0000	3.6940	0.3521	-8935.0000	0.0009
9.0000	3.0970	0.2669	-2460.0000	0.0009
9.0000	3.5899	0.5568	-8322.0000	0.0009
9.0000	3.7543	0.2766	-6104.0000	0.0009
9.0000	3.7765	0.3554	-7566.0000	0.0009
9.0000	3.9359	0.3435	-9526.0000	0.0009
9.0000	3.5922	0.2920	-3417.0000	0.0009
9.0000	3.9683	0.0636	-1696.0000	0.0009
9.0000	3.7836	0.2116	-2383.0000	0.0009
9.0000	3.3881	0.5134	-1083.0000	0.0009
9.0000	3.5395	0.1526	-2845.0000	0.0009
9.0000	3.5553	0.2746	-7145.0000	0.0009
9.0000	3.9057	0.2645	-7949.0000	0.0009
9.0000	3.7406	0.3574	-5012.0000	0.0009
9.0000	3.9953	0.3302	-3332.0000	0.0009
9.0000	3.7444	0.1302	-1694.0000	0.0009
9.0000	3.9140	0.1954	-3838.0000	0.0009
9.0000	4.0293	0.2696	-9090.0000	0.0009
9.0000	3.9465	0.2831	-9668.0000	0.0009
9.0000	3.6225	0.2644	-8075.0000	0.0009
9.0000	3.8199	0.2460	-3525.0000	0.0009
9.0000	3.7662	0.1018	-3168.0000	0.0009
9.0000	4.0449	0.4722	-7996.0000	0.0009
9.0000	3.9235	0.4590	-6218.0000	0.0009
9.0000	3.5781	0.3555	-8378.0000	0.0009
9.0000	3.7232	0.2791	-2997.0000	0.0009
9.0000	3.2067	0.1336	-5572.0000	0.0009
9.0000	3.6789	0.1588	-1419.0000	0.0009
9.0000	4.1278	0.3587	-4663.0000	0.0009
9.0000	3.6647	0.2450	-7561.0000	0.0009
9.0000	3.8964	0.4096	-6429.0000	0.0009
9.0000	3.5016	0.3011	-9764.0000	0.0009
9.0000	3.5847	0.1655	-7068.0000	0.0009
9.0000	3.1213	0.1386	-9391.0000	0.0009
9.0000	3.8541	0.3615	-4770.0000	0.0009
9.0000	3.7444	0.1302	-1694.0000	0.0009
9.0000	3.4221	0.1910	-5683.0000	0.0009
9.0000	3.1901	0.4187	-3906.0000	0.0009
9.0000	3.9759	0.3306	-8502.0000	0.0009
9.0000	3.8542	0.3076	-5695.0000	0.0009
9.0000	4.1010	0.1574	-7929.0000	0.0009
9.0000	3.8579	0.1664	-4798.0000	0.0009
9.0000	3.9458	0.0953	-9818.0000	0.0009
9.0000	3.6075	0.4002	-7579.0000	0.0009
9.0000	4.0461	0.3808	-1465.0000	0.0009
9.0000	3.7419	0.2336	-2944.0000	0.0009
9.0000	4.0531	0.4210	-2102.0000	0.0009
9.0000	3.5760	0.2181	-5319.0000	0.0009
9.0000	3.2354	0.1057	-6397.0000	0.0009
10.0000	3.8076	0.1420	-8349.0000	0.0010
10.0000	3.8970	0.3625	-8935.0000	0.0010
10.0000	3.3572	0.1896	-2460.0000	0.0010
10.0000	3.1162	0.2938	-8322.0000	0.0010
10.0000	3.6099	0.1066	-6104.0000	0.0010
10.0000	3.9384	0.3075	-7566.0000	0.0010
10.0000	3.8805	0.2375	-9526.0000	0.0010
10.0000	3.4329	0.2325	-3417.0000	0.0010
10.0000	3.6406	0.2882	-1696.0000	0.0010
10.0000	3.6372	0.2766	-2383.0000	0.0010
10.0000	3.5205	0.2117	-1083.0000	0.0010
10.0000	3.7452	0.4150	-2845.0000	0.0010
10.0000	3.6562	0.3283	-7145.0000	0.0010
10.0000	3.7867	0.2528	-7949.0000	0.0010
10.0000	3.6883	0.1333	-5012.0000	0.0010
10.0000	4.1718	0.4833	-3332.0000	0.0010
10.0000	3.6123	0.3626	-1694.0000	0.0010
10.0000	2.9722	0.3776	-3838.0000	0.0010
10.0000	3.7850	0.2795	-9090.0000	0.0010
10.0000	3.6287	0.2567	-9668.0000	0.0010
10.0000	3.6434	0.2300	-8075.0000	0.0010
10.0000	3.6039	0.1293	-3525.0000	0.0010
10.0000	3.7914	0.1349	-3168.0000	0.0010
10.0000	3.3152	0.4545	-7996.0000	0.0010
10.0000	3.8657	0.2519	-6218.0000	0.0010
10.0000	4.1342	0.1046	-8378.0000	0.0010
10.0000	3.5024	0.3878	-2997.0000	0.0010
10.0000	3.6267	0.2160	-5572.0000	0.0010
10.0000	3.7063	0.1327	-1419.0000	0.0010
10.0000	3.8116	0.3359	-4663.0000	0.0010
10.0000	3.6352	0.3400	-7561.0000	0.0010
10.0000	3.7149	0.5477	-6429.0000	0.0010
10.0000	3.6400	0.2646	-9764.0000	0.0010
10.0000	3.8745	0.3126	-7068.0000	0.0010
10.0000	3.4197	0.3796	-9391.0000	0.0010
10.0000	3.7370	0.2553	-4770.0000	0.0010
10.0000	3.6123	0.3626	-1694.0000	0.0010
10.0000	3.7594	0.2020	-5683.0000	0.0010
10.0000	4.1352	0.4443	-3906.0000	0.0010
10.0000	3.6070	0.3803	-8502.0000	0.0010
10.0000	3.8335	0.2910	-5695.0000	0.0010
10.0000	3.6358	0.3134	-7929.0000	0.0010
10.0000	3.7701	0.2302	-4798.0000	0.0010
10.0000	3.5561	0.2836	-9818.0000	0.0010
10.0000	3.5235	0.1908	-7579.0000	0.0010
10.0000	4.0021	0.2293	-1465.0000	0.0010
10.0000	3.9384	0.1425	-2944.0000	0.0010
10.0000	3.6273	0.4126	-2102.0000	0.0010
10.0000	3.7428	0.3483	-5319.0000	0.0010
10.0000	4.0887	0.2194	-6397.0000	0.0010
11.0000	3.8919	0.1668	-8349.0000	0.0011
11.0000	3.6573	0.1439	-8935.0000	0.0011
11.0000	3.9908	0.2444	-2460.0000	0.0011
11.0000	3.7814	0.2160	-8322.0000	0.0011
11.0000	3.3662	0.4893	-6104.0000	0.0011
11.0000	3.4428	0.1844	-7566.0000	0.0011
11.0000	3.7735	0.1464	-9526.0000	0.0011
11.0000	4.3573	0.3377	-3417.0000	0.0011
11.0000	3.9288	0.2215	-1696.0000	0.0011
11.0000	3.6423	0.2298	-2383.0000	0.0011
11.0000	3.7966	0.2828	-1083.0000	0.0011
11.0000	3.7134	0.1307	-2845.0000	0.0011
11.0000	3.9775	0.3410	-7145.0000	0.0011
11.0000	3.5186	0.1764	-7949.0000	0.0011
11.0000	3.9010	0.1309	-5012.0000	0.0011
11.0000	3.3777	0.2477	-3332.0000	0.0011
11.0000	3.8094	0.1829	-1694.0000	0.0011
11.0000	3.5189	0.1353	-3838.0000	0.0011
11.0000	3.7072	0.1994	-9090.0000	0.0011
11.0000	3.6701	0.2424	-9668.0000	0.0011
11.0000	3.6958	0.2649	-8075.0000	0.0011
11.0000	3.6217	0.2401	-3525.0000	0.0011
11.0000	3.4504	0.3803	-3168.0000	0.0011
11.0000	3.8303	0.2262	-7996.0000	0.0011
11.0000	4.0711	0.1682	-6218.0000	0.0011
11.0000	3.6047	0.2539	-8378.0000	0.0011
11.0000	3.6331	0.1933	-2997.0000	0.0011
11.0000	4.1303	0.3686	-5572.0000	0.0011
11.0000	2.8576	0.3255	-1419.0000	0.0011
11.0000	3.7261	0.3878	-4663.0000	0.0011
11.0000	3.2682	0.1791	-7561.0000	0.0011
11.0000	3.5780	0.3816	-6429.0000	0.0011
11.0000	3.4890	0.2810	-9764.0000	0.0011
11.0000	3.3917	0.1328	-7068.0000	0.0011
11.0000	3.9247	0.1883	-9391.0000	0.0011
11.0000	3.4495	0.4209	-4770.0000	0.0011
11.0000	3.8094	0.1829	-1694.0000	0.0011
11.0000	3.5576	0.1823	-5683.0000	0.0011
11.0000	4.0040	0.3483	-3906.0000	0.0011
11.0000	3.8851	0.2317	-8502.0000	0.0011
11.0000	3.7539	0.2039	-5695.0000	0.0011
11.0000	3.7226	0.4720	-7929.0000	0.0011
11.0000	3.5999	0.3330	-4798.0000	0.0011
11.0000	3.1258	0.1873	-9818.0000	0.0011
11.0000	3.1961	0.2806	-7579.0000	0.0011
11.0000	3.6065	0.1821	-1465.0000	0.0011
11.0000	3.2372	0.1835	-2944.0000	0.0011
11.0000	3.4529	0.1767	-2102.0000	0.0011
11.0000	3.5786	0.2901	-5319.0000	0.0011
11.0000	3.8511	0.2745	-6397.0000	0.0011
12.0000	3.6139	0.2959	-8349.0000	0.0012
12.0000	3.8866	0.0736	-8935.0000	0.0012
12.0000	3.5289	0.3637	-2460.0000	0.0012
12.0000	3.5539	0.1707	-8322.0000	0.0012
12.0000	3.3984	0.0994	-6104.0000	0.0012
12.0000	3.8219	0.3814	-7566.0000	0.0012
12.0000	4.0484	0.1429	-9526.0000	0.0012
12.0000	3.5954	0.3240	-3417.0000	0.0012
12.0000	3.8952	0.2122	-1696.0000	0.0012
12.0000	3.9152	0.0613	-2383.0000	0.0012
12.0000	3.7450	0.1283	-1083.0000	0.0012
12.0000	3.8118	0.2705	-2845.0000	0.0012
12.0000	3.8515	0.1769	-7145.0000	0.0012
12.0000	3.6952	0.3455	-7949.0000	0.0012
12.0000	4.0227	0.2347	-5012.0000	0.0012
12.0000	3.4741	0.1781	-3332.0000	0.0012
12.0000	3.7943	0.2777	-1694.0000	0.0012
12.0000	4.0391	0.2383	-3838.0000	0.0012
12.0000	3.4953	0.3254	-9090.0000	0.0012
12.0000	3.4044	0.4253	-9668.0000	0.0012
12.0000	3.3750	0.2718	-8075.0000	0.0012
12.0000	3.9181	0.2022	-3525.0000	0.0012
12.0000	3.4330	0.1735	-3168.0000	0.0012
12.0000	3.9788	0.0487	-7996.0000	0.0012
12.0000	3.7919	0.0637	-6218.0000	0.0012
12.0000	3.8276	0.1495	-8378.0000	0.0012
12.0000	3.8659	0.2141	-2997.0000	0.0012
12.0000	4.1768	0.1646	-5572.0000	0.0012
12.0000	3.5482	0.2325	-1419.0000	0.0012
12.0000	3.5828	0.2176	-4663.0000	0.0012
12.0000	3.7994	0.2090	-7561.0000	0.0012
12.0000	3.6722	0.2161	-6429.0000	0.0012
12.0000	3.6765	0.1372	-9764.0000	0.0012
12.0000	3.9183	0.2484	-7068.0000	0.0012
12.0000	3.3484	0.1868	-9391.0000	0.0012
12.0000	3.6105	0.2155	-4770.0000	0.0012
12.0000	3.7943	0.2777	-1694.0000	0.0012
12.0000	3.8599	0.1600	-5683.0000	0.0012
12.0000	3.5792	0.1227	-3906.0000	0.0012
12.0000	3.4969	0.2096	-8502.0000	0.0012
12.0000	3.5397	0.2184	-5695.0000	0.0012
12.0000	3.8050	0.2700	-7929.0000	0.0012
12.0000	3.7584	0.1502	-4798.0000	0.0012
12.0000	4.1680	0.2824	-9818.0000	0.0012
12.0000	3.9735	0.2903	-7579.0000	0.0012
12.0000	3.8135	0.1619	-1465.0000	0.0012
12.0000	3.6236	0.1923	-2944.0000	0.0012
12.0000	3.7316	0.1291	-2102.0000	0.0012
12.0000	3.6821	0.1215	-5319.0000	0.0012
12.0000	3.6107	0.1152	-6397.0000	0.0012
13.0000	3.5322	0.2017	-8349.0000	0.0013
13.0000	3.5653	0.1555	-8935.0000	0.0013
13.0000	4.1487	0.3592	-2460.0000	0.0013
13.0000	4.0760	0.2287	-8322.0000	0.0013
13.0000	3.6492	0.1121	-6104.0000	0.0013
13.0000	3.6320	0.1745	-7566.0000	0.0013
13.0000	3.3641	0.3573	-9526.0000	0.0013
13.0000	3.8159	0.1214	-3417.0000	0.0013
13.0000	3.7680	0.0822	-1696.0000	0.0013
13.0000	3.5548	0.1716	-2383.0000	0.0013
13.0000	3.7504	0.3012	-1083.0000	0.0013
13.0000	3.8722	0.2648	-2845.0000	0.0013
13.0000	3.5994	0.1981	-7145.0000	0.0013
13.0000	3.6564	0.2145	-7949.0000	0.0013
13.0000	4.0958	0.2723	-5012.0000	0.0013
13.0000	3.6172	0.1452	-3332.0000	0.0013
13.0000	3.9487	0.1342	-1694.0000	0.0013
13.0000	3.3581	0.1799	-3838.0000	0.0013
13.0000	3.6198	0.2324	-9090.0000	0.0013
13.0000	3.8998	0.2416	-9668.0000	0.0013
13.0000	3.9883	0.3460	-8075.0000	0.0013
13.0000	3.6822	0.2519	-3525.0000	0.0013
13.0000	3.6769	0.2789	-3168.0000	0.0013
13.0000	3.7227	0.3825	-7996.0000	0.0013
13.0000	3.8847	0.2332	-6218.0000	0.0013
13.0000	3.5900	0.2377	-8378.0000	0.0013
13.0000	3.4338	0.2962	-2997.0000	0.0013
13.0000	3.8996	0.3196	-5572.0000	0.0013
13.0000	3.7628	0.3256	-1419.0000	0.0013
13.0000	3.4737	0.2011	-4663.0000	0.0013
13.0000	3.7590	0.1239	-7561.0000	0.0013
13.0000	3.2385	0.1657	-6429.0000	0.0013
13.0000	3.8551	0.2677	-9764.0000	0.0013
13.0000	3.3319	0.2110	-7068.0000	0.0013
13.0000	3.6997	0.0799	-9391.0000	0.0013
13.0000	3.7035	0.1823	-4770.0000	0.0013
13.0000	3.9487	0.1342	-1694.0000	0.0013
13.0000	3.6088	0.2704	-5683.0000	0.0013
13.0000	3.6191	0.2216	-3906.0000	0.0013
13.0000	3.8648	0.2977	-8502.0000	0.0013
13.0000	3.5377	0.2844	-5695.0000	0.0013
13.0000	3.8276	0.2223	-7929.0000	0.0013
13.0000	3.8924	0.2275	-4798.0000	0.0013
13.0000	3.5379	0.3814	-9818.0000	0.0013
13.0000	3.7214	0.1326	-7579.0000	0.0013
13.0000	3.6157	0.3376	-1465.0000	0.0013
13.0000	3.6767	0.2625	-2944.0000	0.0013
13.0000	3.5318	0.2736	-2102.0000	0.0013
13.0000	3.5487	0.1628	-5319.0000	0.0013
13.0000	3.8749	0.3038	-6397.0000	0.0013
14.0000	3.4233	0.1582	-8349.0000	0.0014
14.0000	3.9105	0.2112	-8935.0000	0.0014
14.0000	3.7944	0.1685	-2460.0000	0.0014
14.0000	3.8243	0.0942	-8322.0000	0.0014
14.0000	3.6270	0.0732	-6104.0000	0.0014
14.0000	3.5848	0.1858	-7566.0000	0.0014
14.0000	3.3530	0.1683	-9526.0000	0.0014
14.0000	3.6924	0.1967	-3417.0000	0.0014
14.0000	3.5309	0.1812	-1696.0000	0.0014
14.0000	3.8131	0.4797	-2383.0000	0.0014
14.0000	3.7531	0.0407	-1083.0000	0.0014
14.0000	3.9829	0.4377	-2845.0000	0.0014
14.0000	3.8905	0.1686	-7145.0000	0.0014
14.0000	3.6061	0.3015	-7949.0000	0.0014
14.0000	3.9003	0.1921	-5012.0000	0.0014
14.0000	3.5717	0.1903	-3332.0000	0.0014
14.0000	3.6726	0.1015	-1694.0000	0.0014
14.0000	3.7730	0.2916	-3838.0000	0.0014
14.0000	3.8837	0.4024	-9090.0000	0.0014
14.0000	3.6424	0.2069	-9668.0000	0.0014
14.0000	4.0727	0.3888	-8075.0000	0.0014
14.0000	3.7155	0.2985	-3525.0000	0.0014
14.0000	3.2215	0.1178	-3168.0000	0.0014
14.0000	3.8707	0.1525	-7996.0000	0.0014
14.0000	4.1154	0.1843	-6218.0000	0.0014
14.0000	3.7201	0.2237	-8378.0000	0.0014
14.0000	3.6225	0.1996	-2997.0000	0.0014
14.0000	3.8755	0.3267	-5572.0000	0.0014
14.0000	3.8014	0.1537	-1419.0000	0.0014
14.0000	3.9603	0.2054	-4663.0000	0.0014
14.0000	3.5925	0.1902	-7561.0000	0.0014
14.0000	3.4409	0.2706	-6429.0000	0.0014
14.0000	4.1358	0.1824	-9764.0000	0.0014
14.0000	3.7950	0.1749	-7068.0000	0.0014
14.0000	3.6936	0.1720	-9391.0000	0.0014
14.0000	3.6510	0.3140	-4770.0000	0.0014
14.0000	3.6726	0.1015	-1694.0000	0.0014
14.0000	3.6694	0.1024	-5683.0000	0.0014
14.0000	3.5287	0.2728	-3906.0000	0.0014
14.0000	3.7338	0.1151	-8502.0000	0.0014
14.0000	3.6089	0.1784	-5695.0000	0.0014
14.0000	3.6984	0.1934	-7929.0000	0.0014
14.0000	3.5927	0.2711	-4798.0000	0.0014
14.0000	3.7703	0.3180	-9818.0000	0.0014
14.0000	3.8514	0.1556	-7579.0000	0.0014
14.0000	3.6818	0.3246	-1465.0000	0.0014
14.0000	3.7143	0.1928	-2944.0000	0.0014
14.0000	3.8268	0.3009	-2102.0000	0.0014
14.0000	3.8941	0.2616	-5319.0000	0.0014
14.0000	3.7980	0.0823	-6397.0000	0.0014
15.0000	3.8587	0.1132	-8349.0000	0.0015
15.0000	3.3358	0.1463	-8935.0000	0.0015
15.0000	3.4936	0.0562	-2460.0000	0.0015
15.0000	3.4911	0.1072	-8322.0000	0.0015
15.0000	3.6191	0.0571	-6104.0000	0.0015
15.0000	3.5126	0.3011	-7566.0000	0.0015
15.0000	3.6805	0.2481	-9526.0000	0.0015
15.0000	4.0054	0.1645	-3417.0000	0.0015
15.0000	3.8982	0.1041	-1696.0000	0.0015
15.0000	3.7471	0.2402	-2383.0000	0.0015
15.0000	3.4385	0.2418	-1083.0000	0.0015
15.0000	4.1447	0.2803	-2845.0000	0.0015
15.0000	3.7407	0.2033	-7145.0000	0.0015
15.0000	3.4055	0.1776	-7949.0000	0.0015
15.0000	3.7941	0.3249	-5012.0000	0.0015
15.0000	3.5436	0.0586	-3332.0000	0.0015
15.0000	3.1269	0.1798	-1694.0000	0.0015
15.0000	3.8543	0.1086	-3838.0000	0.0015
15.0000	3.7911	0.4001	-9090.0000	0.0015
15.0000	3.7785	0.2367	-9668.0000	0.0015
15.0000	4.1094	0.3040	-8075.0000	0.0015
15.0000	3.8598	0.1676	-3525.0000	0.0015
15.0000	3.8903	0.1448	-3168.0000	0.0015
15.0000	3.8143	0.3378	-7996.0000	0.0015
15.0000	3.7100	0.1392	-6218.0000	0.0015
15.0000	3.9312	0.1362	-8378.0000	0.0015
15.0000	3.8412	0.2826	-2997.0000	0.0015
15.0000	3.8200	0.1547	-5572.0000	0.0015
15.0000	3.4970	0.0981	-1419.0000	0.0015
15.0000	3.8925	0.1480	-4663.0000	0.0015
15.0000	3.4866	0.2890	-7561.0000	0.0015
15.0000	3.6351	0.1550	-6429.0000	0.0015
15.0000	3.7313	0.2038	-9764.0000	0.0015
15.0000	3.6478	0.1644	-7068.0000	0.0015
15.0000	3.5026	0.1623	-9391.0000	0.0015
15.0000	3.8028	0.2863	-4770.0000	0.0015
15.0000	3.1269	0.1798	-1694.0000	0.0015
15.0000	3.5166	0.1675	-5683.0000	0.0015
15.0000	3.6062	0.1287	-3906.0000	0.0015
15.0000	3.7627	0.1946	-8502.0000	0.0015
15.0000	3.5371	0.3633	-5695.0000	0.0015
15.0000	3.6869	0.1938	-7929.0000	0.0015
15.0000	3.6957	0.2697	-4798.0000	0.0015
15.0000	3.9365	0.1396	-9818.0000	0.0015
15.0000	3.5137	0.3776	-7579.0000	0.0015
15.0000	3.3237	0.1656	-1465.0000	0.0015
15.0000	3.6684	0.4005	-2944.0000	0.0015
15.0000	3.3199	0.3762	-2102.0000	0.0015
15.0000	3.7095	0.0796	-5319.0000	0.0015
15.0000	3.8247	0.1601	-6397.0000	0.0015
16.0000	3.8182	0.1712	-8349.0000	0.0016
16.0000	3.6759	0.1872	-8935.0000	0.0016
16.0000	3.8178	0.2146	-2460.0000	0.0016
16.0000	3.8643	0.1342	-8322.0000	0.0016
16.0000	3.6633	0.1297	-6104.0000	0.0016
16.0000	3.7435	0.2772	-7566.0000	0.0016
16.0000	3.6987	0.2506	-9526.0000	0.0016
16.0000	3.6354	0.1952	-3417.0000	0.0016
16.0000	3.7213	0.1282	-1696.0000	0.0016
16.0000	3.7732	0.2697	-2383.0000	0.0016
16.0000	3.3661	0.1723	-1083.0000	0.0016
16.0000	3.6047	0.3017	-2845.0000	0.0016
16.0000	4.0702	0.1523	-7145.0000	0.0016
16.0000	3.8388	0.1645	-7949.0000	0.0016
16.0000	3.3601	0.2519	-5012.0000	0.0016
16.0000	3.6203	0.1302	-3332.0000	0.0016
16.0000	3.4554	0.2020	-1694.0000	0.0016
16.0000	3.5310	0.0819	-3838.0000	0.0016
16.0000	3.5717	0.0778	-9090.0000	0.0016
16.0000	3.6633	0.1227	-9668.0000	0.0016
16.0000	3.5716	0.1008	-8075.0000	0.0016
16.0000	3.5933	0.1817	-3525.0000	0.0016
16.0000	4.0618	0.1501	-3168.0000	0.0016
16.0000	3.8147	0.3428	-7996.0000	0.0016
16.0000	3.6167	0.1827	-6218.0000	0.0016
16.0000	3.7191	0.2984	-8378.0000	0.0016
16.0000	3.7621	0.3854	-2997.0000	0.0016
16.0000	3.5518	0.1183	-5572.0000	0.0016
16.0000	3.7224	0.1958	-1419.0000	0.0016
16.0000	3.7659	0.0941	-4663.0000	0.0016
16.0000	3.9433	0.3134	-7561.0000	0.0016
16.0000	3.8020	0.1835	-6429.0000	0.0016
16.0000	3.8709	0.0449	-9764.0000	0.0016
16.0000	3.9551	0.0905	-7068.0000	0.0016
16.0000	3.6204	0.2360	-9391.0000	0.0016
16.0000	3.6604	0.2677	-4770.0000	0.0016
16.0000	3.4554	0.2020	-1694.0000	0.0016
16.0000	3.6773	0.2231	-5683.0000	0.0016
16.0000	3.4705	0.1743	-3906.0000	0.0016
16.0000	3.6863	0.2585	-8502.0000	0.0016
16.0000	3.4769	0.2127	-5695.0000	0.0016
16.0000	3.3888	0.1997	-7929.0000	0.0016
16.0000	3.7455	0.2607	-4798.0000	0.0016
16.0000	3.5682	0.1380	-9818.0000	0.0016
16.0000	4.0168	0.2267	-7579.0000	0.0016
16.0000	3.7907	0.2459	-1465.0000	0.0016
16.0000	3.6717	0.1471	-2944.0000	0.0016
16.0000	3.7863	0.3011	-2102.0000	0.0016
16.0000	3.8637	0.2284	-5319.0000	0.0016
16.0000	3.8466	0.1420	-6397.0000	0.0016
17.0000	3.7298	0.0908	-8349.0000	0.0017
17.0000	3.5981	0.1831	-8935.0000	0.0017
17.0000	3.8819	0.1778	-2460.0000	0.0017
17.0000	3.5840	0.2300	-8322.0000	0.0017
17.0000	3.4170	0.1868	-6104.0000	0.0017
17.0000	3.9342	0.2460	-7566.0000	0.0017
17.0000	3.7108	0.2117	-9526.0000	0.0017
17.0000	3.4706	0.1656	-3417.0000	0.0017
17.0000	3.6127	0.3482	-1696.0000	0.0017
17.0000	3.5035	0.2842	-2383.0000	0.0017
17.0000	3.5865	0.1141	-1083.0000	0.0017
17.0000	3.7715	0.2188	-2845.0000	0.0017
17.0000	3.5160	0.2368	-7145.0000	0.0017
17.0000	3.2895	0.2457	-7949.0000	0.0017
17.0000	4.0802	0.3669	-5012.0000	0.0017
17.0000	3.5268	0.1616	-3332.0000	0.0017
17.0000	3.5706	0.1392	-1694.0000	0.0017
17.0000	3.6276	0.2597	-3838.0000	0.0017
17.0000	3.5952	0.2628	-9090.0000	0.0017
17.0000	3.6883	0.1490	-9668.0000	0.0017
17.0000	3.5896	0.1468	-8075.0000	0.0017
17.0000	3.6311	0.1152	-3525.0000	0.0017
17.0000	3.8349	0.1668	-3168.0000	0.0017
17.0000	3.4410	0.0959	-7996.0000	0.0017
17.0000	3.9857	0.2270	-6218.0000	0.0017
17.0000	3.8179	0.1084	-8378.0000	0.0017
17.0000	3.6261	0.1812	-2997.0000	0.0017
17.0000	3.9047	0.2318	-5572.0000	0.0017
17.0000	3.9032	0.1814	-1419.0000	0.0017
17.0000	3.4689	0.4360	-4663.0000	0.0017
17.0000	3.7805	0.1666	-7561.0000	0.0017
17.0000	3.9988	0.1526	-6429.0000	0.0017
17.0000	3.5532	0.2079	-9764.0000	0.0017
17.0000	3.7948	0.2352	-7068.0000	0.0017
17.0000	3.6745	0.1841	-9391.0000	0.0017
17.0000	3.5996	0.2528	-4770.0000	0.0017
17.0000	3.5706	0.1392	-1694.0000	0.0017
17.0000	3.4810	0.1166	-5683.0000	0.0017
17.0000	3.4050	0.1143	-3906.0000	0.0017
17.0000	3.7038	0.3081	-8502.0000	0.0017
17.0000	3.6931	0.1354	-5695.0000	0.0017
17.0000	3.7937	0.3001	-7929.0000	0.0017
17.0000	3.5899	0.1672	-4798.0000	0.0017
17.0000	3.4841	0.2508	-9818.0000	0.0017
17.0000	3.5169	0.1187	-7579.0000	0.0017
17.0000	3.6690	0.2025	-1465.0000	0.0017
17.0000	3.5932	0.1824	-2944.0000	0.0017
17.0000	3.4200	0.0998	-2102.0000	0.0017
17.0000	3.8575	0.1707	-5319.0000	0.0017
17.0000	3.9189	0.2562	-6397.0000	0.0017
18.0000	3.6546	0.2248	-8349.0000	0.0018
18.0000	4.0765	0.2135	-8935.0000	0.0018
18.0000	3.4854	0.2126	-2460.0000	0.0018
18.0000	3.7916	0.0578	-8322.0000	0.0018
18.0000	3.5503	0.2064	-6104.0000	0.0018
18.0000	3.5549	0.2367	-7566.0000	0.0018
18.0000	3.5454	0.2702	-9526.0000	0.0018
18.0000	4.0617	0.0978	-3417.0000	0.0018
18.0000	3.6571	0.1526	-1696.0000	0.0018
18.0000	3.6805	0.1309	-2383.0000	0.0018
18.0000	3.8054	0.2035	-1083.0000	0.0018
18.0000	3.6485	0.1410	-2845.0000	0.0018
18.0000	3.6479	0.0810	-7145.0000	0.0018
18.0000	3.8485	0.3261	-7949.0000	0.0018
18.0000	3.8212	0.3310	-5012.0000	0.0018
18.0000	3.4772	0.1821	-3332.0000	0.0018
18.0000	3.7698	0.0477	-1694.0000	0.0018
18.0000	3.9137	0.2172	-3838.0000	0.0018
18.0000	3.7921	0.1361	-9090.0000	0.0018
18.0000	3.6791	0.2338	-9668.0000	0.0018
18.0000	3.7059	0.2620	-8075.0000	0.0018
18.0000	3.4928	0.1899	-3525.0000	0.0018
18.0000	3.8077	0.1883	-3168.0000	0.0018
18.0000	3.7180	0.1989	-7996.0000	0.0018
18.0000	3.5046	0.1863	-6218.0000	0.0018
18.0000	3.6801	0.1586	-8378.0000	0.0018
18.0000	3.6733	0.2245	-2997.0000	0.0018
18.0000	3.8652	0.1645	-5572.0000	0.0018
18.0000	3.7374	0.3759	-1419.0000	0.0018
18.0000	3.8924	0.1679	-4663.0000	0.0018
18.0000	3.6772	0.1491	-7561.0000	0.0018
18.0000	3.5716	0.2766	-6429.0000	0.0018
18.0000	3.7835	0.1823	-9764.0000	0.0018
18.0000	3.7452	0.2980	-7068.0000	0.0018
18.0000	3.6248	0.2934	-9391.0000	0.0018
18.0000	3.6353	0.1216	-4770.0000	0.0018
18.0000	3.7698	0.0477	-1694.0000	0.0018
18.0000	3.4485	0.2246	-5683.0000	0.0018
18.0000	3.7019	0.1096	-3906.0000	0.0018
18.0000	4.1963	0.1569	-8502.0000	0.0018
18.0000	3.8686	0.1743	-5695.0000	0.0018
18.0000	3.7189	0.1574	-7929.0000	0.0018
18.0000	3.5983	0.1347	-4798.0000	0.0018
18.0000	3.6614	0.2994	-9818.0000	0.0018
18.0000	3.7265	0.1503	-7579.0000	0.0018
18.0000	3.6013	0.2488	-1465.0000	0.0018
18.0000	3.9919	0.0773	-2944.0000	0.0018
18.0000	3.6915	0.2355	-2102.0000	0.0018
18.0000	3.7516	0.2103	-5319.0000	0.0018
18.0000	3.6819	0.2745	-6397.0000	0.0018
19.0000	4.0288	0.1533	-8349.0000	0.0019
19.0000	3.3377	0.2399	-8935.0000	0.0019
19.0000	3.6335	0.1466	-2460.0000	0.0019
19.0000	3.7598	0.2643	-8322.0000	0.0019
19.0000	3.6276	0.1453	-6104.0000	0.0019
19.0000	3.7701	0.2512	-7566.0000	0.0019
19.0000	3.5135	0.2402	-9526.0000	0.0019
19.0000	3.6217	0.1129	-3417.0000	0.0019
19.0000	3.7946	0.2682	-1696.0000	0.0019
19.0000	3.8903	0.1564	-2383.0000	0.0019
19.0000	3.7903	0.3210	-1083.0000	0.0019
19.0000	3.6903	0.2088	-2845.0000	0.0019
19.0000	3.7640	0.1720	-7145.0000	0.0019
19.0000	3.8848	0.1671	-7949.0000	0.0019
19.0000	3.8620	0.2156	-5012.0000	0.0019
19.0000	3.7905	0.1384	-3332.0000	0.0019
19.0000	3.5845	0.1611	-1694.0000	0.0019
19.0000	3.9409	0.1426	-3838.0000	0.0019
19.0000	3.9645	0.0698	-9090.0000	0.0019
19.0000	3.9753	0.1142	-9668.0000	0.0019
19.0000	3.9204	0.2112	-8075.0000	0.0019
19.0000	3.8576	0.1322	-3525.0000	0.0019
19.0000	3.8419	0.1125	-3168.0000	0.0019
19.0000	3.8493	0.1471	-7996.0000	0.0019
19.0000	4.0321	0.2196	-6218.0000	0.0019
19.0000	3.5139	0.2875	-8378.0000	0.0019
19.0000	3.8788	0.0682	-2997.0000	0.0019
19.0000	3.6144	0.1594	-5572.0000	0.0019
19.0000	3.9057	0.2877	-1419.0000	0.0019
19.0000	3.4357	0.1627	-4663.0000	0.0019
19.0000	3.7071	0.1684	-7561.0000	0.0019
19.0000	3.7686	0.0701	-6429.0000	0.0019
19.0000	3.4601	0.1795	-9764.0000	0.0019
19.0000	3.6224	0.1695	-7068.0000	0.0019
19.0000	4.2743	0.0997	-9391.0000	0.0019
19.0000	3.7949	0.1025	-4770.0000	0.0019
19.0000	3.5845	0.1611	-1694.0000	0.0019
19.0000	3.5357	0.1226	-5683.0000	0.0019
19.0000	3.7461	0.2278	-3906.0000	0.0019
19.0000	3.4655	0.1079	-8502.0000	0.0019
19.0000	3.7090	0.1538	-5695.0000	0.0019
19.0000	3.2054	0.0788	-7929.0000	0.0019
19.0000	3.5991	0.1285	-4798.0000	0.0019
19.0000	3.5002	0.0858	-9818.0000	0.0019
19.0000	3.8861	0.1486	-7579.0000	0.0019
19.0000	3.8602	0.1973	-1465.0000	0.0019
19.0000	3.6929	0.1455	-2944.0000	0.0019
19.0000	3.7903	0.0566	-2102.0000	0.0019
19.0000	3.5851	0.1511	-5319.0000	0.0019
19.0000	3.7988	0.1451	-6397.0000	0.0019
20.0000	3.5586	0.2648	-8349.0000	0.0020
20.0000	3.7595	0.1423	-8935.0000	0.0020
20.0000	3.8699	0.2819	-2460.0000	0.0020
20.0000	3.5426	0.3457	-8322.0000	0.0020
20.0000	4.0683	0.2815	-6104.0000	0.0020
20.0000	3.4278	0.0784	-7566.0000	0.0020
20.0000	3.7190	0.1496	-9526.0000	0.0020
20.0000	3.8994	0.3134	-3417.0000	0.0020
20.0000	3.2409	0.1113	-1696.0000	0.0020
20.0000	3.7023	0.1339	-2383.0000	0.0020
20.0000	3.6720	0.1669	-1083.0000	0.0020
20.0000	3.5911	0.1338	-2845.0000	0.0020
20.0000	3.3901	0.3254	-7145.0000	0.0020
20.0000	3.7218	0.0622	-7949.0000	0.0020
20.0000	3.5023	0.1162	-5012.0000	0.0020
20.0000	3.5064	0.0868	-3332.0000	0.0020
20.0000	3.7017	0.1045	-1694.0000	0.0020
20.0000	3.8616	0.2368	-3838.0000	0.0020
20.0000	3.7116	0.1899	-9090.0000	0.0020
20.0000	3.9565	0.3178	-9668.0000	0.0020
20.0000	3.7059	0.3008	-8075.0000	0.0020
20.0000	3.7647	0.1352	-3525.0000	0.0020
20.0000	3.6815	0.1528	-3168.0000	0.0020
20.0000	3.9053	0.4372	-7996.0000	0.0020
20.0000	3.6439	0.1376	-6218.0000	0.0020
20.0000	3.5571	0.1898	-8378.0000	0.0020
20.0000	3.7805	0.1577	-2997.0000	0.0020
20.0000	3.8363	0.1046	-5572.0000	0.0020
20.0000	3.8529	0.0454	-1419.0000	0.0020
20.0000	3.4554	0.1125	-4663.0000	0.0020
20.0000	3.7363	0.0811	-7561.0000	0.0020
20.0000	3.8052	0.3794	-6429.0000	0.0020
20.0000	3.6561	0.0658	-9764.0000	0.0020
20.0000	3.5542	0.2679	-7068.0000	0.0020
20.0000	3.7526	0.1405	-9391.0000	0.0020
20.0000	3.5715	0.1230	-4770.0000	0.0020
20.0000	3.7017	0.1045	-1694.0000	0.0020
20.0000	3.6259	0.2296	-5683.0000	0.0020
20.0000	3.6536	0.1701	-3906.0000	0.0020
20.0000	3.7242	0.1360	-8502.0000	0.0020
20.0000	3.8205	0.1461	-5695.0000	0.0020
20.0000	3.9096	0.1029	-7929.0000	0.0020
20.0000	4.0258	0.1526	-4798.0000	0.0020
20.0000	3.6338	0.0507	-9818.0000	0.0020
20.0000	3.6717	0.2485	-7579.0000	0.0020
20.0000	3.5645	0.1519	-1465.0000	0.0020
20.0000	3.7736	0.2007	-2944.0000	0.0020
20.0000	3.7313	0.2884	-2102.0000	0.0020
20.0000	3.3613	0.1097	-5319.0000	0.0020
20.0000	3.9622	0.1656	-6397.0000	0.0020
