N bead  	Mean    	Std     	Seed    	FracP   
1.0000	1.1744	0.0152	-8349.0000	0.0040
1.0000	1.1694	0.0178	-8935.0000	0.0040
1.0000	1.1661	0.0178	-2460.0000	0.0040
1.0000	1.1791	0.0165	-8322.0000	0.0040
1.0000	1.1750	0.0156	-6104.0000	0.0040
2.0000	1.6959	0.0251	-8349.0000	0.0040
2.0000	1.6820	0.0237	-8935.0000	0.0040
2.0000	1.6839	0.0285	-2460.0000	0.0040
2.0000	1.6802	0.0242	-8322.0000	0.0040
2.0000	1.6883	0.0258	-6104.0000	0.0040
3.0000	2.1594	0.0270	-8349.0000	0.0040
3.0000	2.1641	0.0291	-8935.0000	0.0040
3.0000	2.1683	0.0517	-2460.0000	0.0040
3.0000	2.1985	0.0329	-8322.0000	0.0040
3.0000	2.1661	0.0325	-6104.0000	0.0040
4.0000	2.5984	0.0358	-8349.0000	0.0040
4.0000	2.6143	0.0427	-8935.0000	0.0040
4.0000	2.6263	0.0351	-2460.0000	0.0040
4.0000	2.6281	0.0525	-8322.0000	0.0040
4.0000	2.6143	0.0301	-6104.0000	0.0040
5.0000	3.0682	0.0710	-8349.0000	0.0040
5.0000	3.0591	0.0586	-8935.0000	0.0040
5.0000	3.0473	0.0653	-2460.0000	0.0040
5.0000	3.0606	0.0731	-8322.0000	0.0040
5.0000	3.0383	0.0732	-6104.0000	0.0040
6.0000	3.3359	0.0641	-8349.0000	0.0040
6.0000	3.4010	0.0637	-8935.0000	0.0040
6.0000	3.4750	0.0680	-2460.0000	0.0040
6.0000	3.4213	0.0897	-8322.0000	0.0040
6.0000	3.4318	0.0820	-6104.0000	0.0040
7.0000	3.7515	0.0723	-8349.0000	0.0040
7.0000	3.7848	0.0748	-8935.0000	0.0040
7.0000	3.8252	0.0824	-2460.0000	0.0040
7.0000	3.8135	0.0991	-8322.0000	0.0040
7.0000	3.8147	0.0816	-6104.0000	0.0040
8.0000	4.1510	0.0835	-8349.0000	0.0040
8.0000	4.1412	0.0969	-8935.0000	0.0040
8.0000	4.1574	0.0945	-2460.0000	0.0040
8.0000	4.0831	0.0958	-8322.0000	0.0040
8.0000	4.0790	0.1066	-6104.0000	0.0040
9.0000	4.4522	0.1210	-8349.0000	0.0040
9.0000	4.5209	0.1174	-8935.0000	0.0040
9.0000	4.5005	0.0735	-2460.0000	0.0040
9.0000	4.4413	0.1120	-8322.0000	0.0040
9.0000	4.6383	0.1359	-6104.0000	0.0040
10.0000	4.8757	0.1140	-8349.0000	0.0040
10.0000	4.6985	0.1536	-8935.0000	0.0040
10.0000	4.5821	0.1723	-2460.0000	0.0040
10.0000	4.8796	0.0886	-8322.0000	0.0040
10.0000	4.6981	0.1522	-6104.0000	0.0040
11.0000	5.1239	0.1086	-8349.0000	0.0040
11.0000	5.1554	0.1471	-8935.0000	0.0040
11.0000	5.0230	0.1341	-2460.0000	0.0040
11.0000	5.1749	0.2085	-8322.0000	0.0040
11.0000	5.1412	0.2084	-6104.0000	0.0040
12.0000	5.2987	0.1337	-8349.0000	0.0040
12.0000	5.3424	0.1236	-8935.0000	0.0040
12.0000	5.2497	0.1210	-2460.0000	0.0040
12.0000	5.6042	0.1390	-8322.0000	0.0040
12.0000	5.5496	0.2023	-6104.0000	0.0040
13.0000	5.4773	0.1771	-8349.0000	0.0040
13.0000	5.8792	0.0763	-8935.0000	0.0040
13.0000	5.4865	0.2419	-2460.0000	0.0040
13.0000	5.7331	0.1482	-8322.0000	0.0040
13.0000	5.6137	0.0909	-6104.0000	0.0040
14.0000	5.9732	0.1694	-8349.0000	0.0040
14.0000	6.0136	0.1412	-8935.0000	0.0040
14.0000	6.0550	0.0882	-2460.0000	0.0040
14.0000	6.0765	0.1975	-8322.0000	0.0040
14.0000	5.9079	0.1459	-6104.0000	0.0040
15.0000	5.9301	0.1537	-8349.0000	0.0040
15.0000	6.0708	0.1397	-8935.0000	0.0040
15.0000	5.8033	0.1398	-2460.0000	0.0040
15.0000	6.2971	0.2333	-8322.0000	0.0040
15.0000	6.0284	0.1518	-6104.0000	0.0040
16.0000	6.4368	0.1829	-8349.0000	0.0040
16.0000	6.4117	0.1054	-8935.0000	0.0040
16.0000	6.3938	0.3622	-2460.0000	0.0040
16.0000	6.3293	0.1162	-8322.0000	0.0040
16.0000	6.3711	0.1529	-6104.0000	0.0040
17.0000	6.7123	0.0961	-8349.0000	0.0040
17.0000	6.1492	0.2893	-8935.0000	0.0040
17.0000	6.6131	0.1384	-2460.0000	0.0040
17.0000	6.5888	0.2269	-8322.0000	0.0040
17.0000	6.2811	0.1584	-6104.0000	0.0040
18.0000	6.6498	0.1263	-8349.0000	0.0040
18.0000	6.3848	0.1429	-8935.0000	0.0040
18.0000	7.0713	0.1244	-2460.0000	0.0040
18.0000	6.2100	0.1194	-8322.0000	0.0040
18.0000	6.6410	0.1289	-6104.0000	0.0040
19.0000	7.1295	0.1489	-8349.0000	0.0040
19.0000	6.3028	0.2743	-8935.0000	0.0040
19.0000	6.6196	0.1931	-2460.0000	0.0040
19.0000	6.6178	0.1646	-8322.0000	0.0040
19.0000	6.6287	0.2544	-6104.0000	0.0040
20.0000	6.8804	0.3379	-8349.0000	0.0040
20.0000	6.2060	0.0814	-8935.0000	0.0040
20.0000	6.4995	0.1711	-2460.0000	0.0040
20.0000	7.0579	0.1683	-8322.0000	0.0040
20.0000	7.2705	0.1449	-6104.0000	0.0040
21.0000	6.5935	0.2221	-8349.0000	0.0040
21.0000	6.9355	0.3129	-8935.0000	0.0040
21.0000	6.9171	0.1550	-2460.0000	0.0040
21.0000	6.6401	0.1528	-8322.0000	0.0040
21.0000	6.7170	0.2157	-6104.0000	0.0040
22.0000	6.6470	0.1700	-8349.0000	0.0040
22.0000	6.7505	0.2534	-8935.0000	0.0040
22.0000	7.2359	0.1454	-2460.0000	0.0040
22.0000	6.5120	0.1615	-8322.0000	0.0040
22.0000	6.7213	0.2003	-6104.0000	0.0040
23.0000	7.1942	0.1833	-8349.0000	0.0040
23.0000	6.7507	0.1770	-8935.0000	0.0040
23.0000	7.3291	0.2797	-2460.0000	0.0040
23.0000	7.2092	0.1120	-8322.0000	0.0040
23.0000	6.8940	0.2178	-6104.0000	0.0040
24.0000	7.0596	0.1157	-8349.0000	0.0040
24.0000	6.7640	0.2179	-8935.0000	0.0040
24.0000	6.2632	0.1623	-2460.0000	0.0040
24.0000	6.7869	0.3271	-8322.0000	0.0040
24.0000	7.6059	0.1021	-6104.0000	0.0040
25.0000	7.0086	0.1738	-8349.0000	0.0040
25.0000	6.8248	0.1292	-8935.0000	0.0040
25.0000	7.3861	0.1381	-2460.0000	0.0040
25.0000	6.7460	0.1108	-8322.0000	0.0040
25.0000	7.2472	0.0931	-6104.0000	0.0040
26.0000	6.7818	0.2481	-8349.0000	0.0040
26.0000	6.6497	0.1863	-8935.0000	0.0040
26.0000	6.8743	0.1261	-2460.0000	0.0040
26.0000	7.1506	0.0916	-8322.0000	0.0040
26.0000	6.7867	0.1199	-6104.0000	0.0040
27.0000	6.4756	0.1662	-8349.0000	0.0040
27.0000	6.7995	0.0516	-8935.0000	0.0040
27.0000	7.4156	0.0811	-2460.0000	0.0040
27.0000	6.6854	0.1176	-8322.0000	0.0040
27.0000	7.1822	0.1501	-6104.0000	0.0040
28.0000	7.4240	0.0870	-8349.0000	0.0040
28.0000	6.9251	0.2249	-8935.0000	0.0040
28.0000	7.1402	0.2403	-2460.0000	0.0040
28.0000	7.0258	0.1650	-8322.0000	0.0040
28.0000	6.7844	0.1013	-6104.0000	0.0040
29.0000	6.8997	0.1515	-8349.0000	0.0040
29.0000	7.3460	0.1363	-8935.0000	0.0040
29.0000	7.1135	0.0793	-2460.0000	0.0040
29.0000	7.3346	0.1872	-8322.0000	0.0040
29.0000	7.6262	0.1704	-6104.0000	0.0040
30.0000	7.1919	0.1473	-8349.0000	0.0040
30.0000	6.7046	0.0817	-8935.0000	0.0040
30.0000	7.0887	0.2204	-2460.0000	0.0040
30.0000	6.6604	0.1998	-8322.0000	0.0040
30.0000	7.1388	0.2063	-6104.0000	0.0040
31.0000	6.8991	0.0999	-8349.0000	0.0040
31.0000	7.5455	0.0761	-8935.0000	0.0040
31.0000	6.9338	0.1439	-2460.0000	0.0040
31.0000	7.1207	0.2360	-8322.0000	0.0040
31.0000	7.1836	0.1162	-6104.0000	0.0040
32.0000	7.2273	0.1277	-8349.0000	0.0040
32.0000	7.4816	0.1447	-8935.0000	0.0040
32.0000	7.5031	0.1562	-2460.0000	0.0040
32.0000	6.7650	0.1226	-8322.0000	0.0040
32.0000	7.6941	0.1239	-6104.0000	0.0040
33.0000	6.6835	0.1695	-8349.0000	0.0040
33.0000	7.0713	0.1135	-8935.0000	0.0040
33.0000	7.2244	0.2121	-2460.0000	0.0040
33.0000	7.2076	0.0968	-8322.0000	0.0040
33.0000	7.4345	0.0761	-6104.0000	0.0040
34.0000	7.1062	0.1279	-8349.0000	0.0040
34.0000	7.0827	0.2577	-8935.0000	0.0040
34.0000	7.6998	0.1789	-2460.0000	0.0040
34.0000	7.4561	0.1673	-8322.0000	0.0040
34.0000	7.0890	0.1351	-6104.0000	0.0040
35.0000	7.1612	0.2550	-8349.0000	0.0040
35.0000	7.4334	0.1373	-8935.0000	0.0040
35.0000	6.9018	0.1027	-2460.0000	0.0040
35.0000	6.6430	0.1097	-8322.0000	0.0040
35.0000	7.3904	0.1575	-6104.0000	0.0040
36.0000	7.5754	0.1362	-8349.0000	0.0040
36.0000	7.3621	0.1447	-8935.0000	0.0040
36.0000	7.1645	0.3337	-2460.0000	0.0040
36.0000	6.7475	0.1488	-8322.0000	0.0040
36.0000	7.0667	0.2046	-6104.0000	0.0040
37.0000	7.2854	0.1463	-8349.0000	0.0040
37.0000	7.0966	0.1415	-8935.0000	0.0040
37.0000	6.9016	0.1227	-2460.0000	0.0040
37.0000	7.4286	0.0744	-8322.0000	0.0040
37.0000	6.8692	0.1490	-6104.0000	0.0040
38.0000	7.4277	0.0693	-8349.0000	0.0040
38.0000	7.2117	0.1799	-8935.0000	0.0040
38.0000	6.8228	0.0930	-2460.0000	0.0040
38.0000	7.4183	0.0730	-8322.0000	0.0040
38.0000	7.0310	0.0960	-6104.0000	0.0040
39.0000	6.9613	0.2517	-8349.0000	0.0040
39.0000	7.5974	0.0691	-8935.0000	0.0040
39.0000	6.8697	0.1081	-2460.0000	0.0040
39.0000	7.4751	0.1678	-8322.0000	0.0040
39.0000	7.5035	0.1818	-6104.0000	0.0040
40.0000	7.4160	0.1850	-8349.0000	0.0040
40.0000	7.0874	0.1078	-8935.0000	0.0040
40.0000	7.4896	0.0925	-2460.0000	0.0040
40.0000	7.1920	0.1548	-8322.0000	0.0040
40.0000	7.6938	0.1637	-6104.0000	0.0040
41.0000	6.8339	0.1642	-8349.0000	0.0040
41.0000	7.0940	0.0830	-8935.0000	0.0040
41.0000	7.0144	0.1152	-2460.0000	0.0040
41.0000	6.9863	0.1548	-8322.0000	0.0040
41.0000	6.6056	0.1444	-6104.0000	0.0040
42.0000	6.6519	0.1097	-8349.0000	0.0040
42.0000	7.5994	0.1483	-8935.0000	0.0040
42.0000	6.6911	0.1672	-2460.0000	0.0040
42.0000	7.3423	0.1074	-8322.0000	0.0040
42.0000	7.8377	0.1647	-6104.0000	0.0040
43.0000	7.4323	0.1245	-8349.0000	0.0040
43.0000	7.3590	0.0899	-8935.0000	0.0040
43.0000	7.1443	0.1543	-2460.0000	0.0040
43.0000	7.2022	0.1661	-8322.0000	0.0040
43.0000	7.6210	0.1607	-6104.0000	0.0040
44.0000	7.2018	0.1205	-8349.0000	0.0040
44.0000	7.1293	0.1771	-8935.0000	0.0040
44.0000	7.6019	0.1294	-2460.0000	0.0040
44.0000	7.0538	0.1519	-8322.0000	0.0040
44.0000	7.0563	0.2394	-6104.0000	0.0040
45.0000	7.6583	0.1403	-8349.0000	0.0040
45.0000	7.3071	0.1786	-8935.0000	0.0040
45.0000	7.8790	0.2182	-2460.0000	0.0040
45.0000	7.3838	0.1474	-8322.0000	0.0040
45.0000	7.2299	0.0848	-6104.0000	0.0040
46.0000	7.1800	0.1316	-8349.0000	0.0040
46.0000	7.5536	0.1704	-8935.0000	0.0040
46.0000	7.2746	0.1454	-2460.0000	0.0040
46.0000	7.3281	0.1645	-8322.0000	0.0040
46.0000	7.5728	0.2390	-6104.0000	0.0040
47.0000	7.3774	0.1132	-8349.0000	0.0040
47.0000	6.9504	0.0928	-8935.0000	0.0040
47.0000	7.3112	0.1387	-2460.0000	0.0040
47.0000	7.3620	0.1916	-8322.0000	0.0040
47.0000	7.0750	0.2829	-6104.0000	0.0040
48.0000	7.0925	0.0905	-8349.0000	0.0040
48.0000	6.7205	0.1705	-8935.0000	0.0040
48.0000	7.4900	0.1109	-2460.0000	0.0040
48.0000	7.4364	0.1876	-8322.0000	0.0040
48.0000	7.6529	0.0777	-6104.0000	0.0040
49.0000	6.9981	0.2072	-8349.0000	0.0040
49.0000	7.3012	0.1845	-8935.0000	0.0040
49.0000	7.6446	0.0963	-2460.0000	0.0040
49.0000	7.2999	0.1237	-8322.0000	0.0040
49.0000	7.7547	0.0882	-6104.0000	0.0040
50.0000	7.6084	0.1563	-8349.0000	0.0040
50.0000	7.0235	0.1306	-8935.0000	0.0040
50.0000	7.0602	0.0837	-2460.0000	0.0040
50.0000	7.3259	0.1430	-8322.0000	0.0040
50.0000	6.8299	0.1492	-6104.0000	0.0040
51.0000	7.5263	0.2502	-8349.0000	0.0040
51.0000	7.3913	0.1846	-8935.0000	0.0040
51.0000	7.2676	0.1310	-2460.0000	0.0040
51.0000	7.3528	0.1550	-8322.0000	0.0040
51.0000	7.4656	0.1549	-6104.0000	0.0040
