N bead  	Mean    	Std     	Seed    	FracP   
10.0000	3.0965	0.0213	-8349.0000	0.0741
10.0000	3.1637	0.0372	-8935.0000	0.0741
10.0000	3.1363	0.0229	-2460.0000	0.0741
10.0000	3.0760	0.0170	-8322.0000	0.0741
10.0000	3.1009	0.0199	-6104.0000	0.0741
11.0000	3.2662	0.0227	-8349.0000	0.0741
11.0000	3.2870	0.0278	-8935.0000	0.0741
11.0000	3.2924	0.0333	-2460.0000	0.0741
11.0000	3.2858	0.0331	-8322.0000	0.0741
11.0000	3.3115	0.0176	-6104.0000	0.0741
12.0000	3.3463	0.0217	-8349.0000	0.0741
12.0000	3.3991	0.0370	-8935.0000	0.0741
12.0000	3.4149	0.0365	-2460.0000	0.0741
12.0000	3.4132	0.0330	-8322.0000	0.0741
12.0000	3.4440	0.0386	-6104.0000	0.0741
13.0000	3.5339	0.0541	-8349.0000	0.0741
13.0000	3.5182	0.0482	-8935.0000	0.0741
13.0000	3.5342	0.0450	-2460.0000	0.0741
13.0000	3.5508	0.0146	-8322.0000	0.0741
13.0000	3.6020	0.0361	-6104.0000	0.0741
14.0000	3.7729	0.0313	-8349.0000	0.0741
14.0000	3.7609	0.0404	-8935.0000	0.0741
14.0000	3.7192	0.0402	-2460.0000	0.0741
14.0000	3.6619	0.0296	-8322.0000	0.0741
14.0000	3.7624	0.0470	-6104.0000	0.0741
15.0000	3.8445	0.0621	-8349.0000	0.0741
15.0000	3.9085	0.0487	-8935.0000	0.0741
15.0000	3.9182	0.0580	-2460.0000	0.0741
15.0000	3.9116	0.0496	-8322.0000	0.0741
15.0000	3.8761	0.0703	-6104.0000	0.0741
16.0000	4.0961	0.0844	-8349.0000	0.0741
16.0000	4.0588	0.0514	-8935.0000	0.0741
16.0000	4.1222	0.1102	-2460.0000	0.0741
16.0000	4.1081	0.0704	-8322.0000	0.0741
16.0000	4.1070	0.0545	-6104.0000	0.0741
17.0000	4.3611	0.1025	-8349.0000	0.0741
17.0000	4.3128	0.0539	-8935.0000	0.0741
17.0000	4.2529	0.0770	-2460.0000	0.0741
17.0000	4.3012	0.0570	-8322.0000	0.0741
17.0000	4.2740	0.1002	-6104.0000	0.0741
18.0000	4.4821	0.0501	-8349.0000	0.0741
18.0000	4.3580	0.1040	-8935.0000	0.0741
18.0000	4.5843	0.0672	-2460.0000	0.0741
18.0000	4.5602	0.0730	-8322.0000	0.0741
18.0000	4.5806	0.0627	-6104.0000	0.0741
19.0000	4.7132	0.1140	-8349.0000	0.0741
19.0000	4.7609	0.0887	-8935.0000	0.0741
19.0000	4.7382	0.1055	-2460.0000	0.0741
19.0000	4.7444	0.0765	-8322.0000	0.0741
19.0000	4.8233	0.1193	-6104.0000	0.0741
20.0000	5.0091	0.1149	-8349.0000	0.0741
20.0000	4.9080	0.1146	-8935.0000	0.0741
20.0000	4.9547	0.1053	-2460.0000	0.0741
20.0000	4.9318	0.1105	-8322.0000	0.0741
20.0000	5.0246	0.0730	-6104.0000	0.0741
21.0000	5.0567	0.1182	-8349.0000	0.0741
21.0000	5.2629	0.1035	-8935.0000	0.0741
21.0000	5.1722	0.1409	-2460.0000	0.0741
21.0000	5.2580	0.1144	-8322.0000	0.0741
21.0000	5.1281	0.0950	-6104.0000	0.0741
22.0000	5.4742	0.1283	-8349.0000	0.0741
22.0000	5.2909	0.1768	-8935.0000	0.0741
22.0000	5.5210	0.1128	-2460.0000	0.0741
22.0000	5.4650	0.0906	-8322.0000	0.0741
22.0000	5.4841	0.1381	-6104.0000	0.0741
23.0000	5.7183	0.1647	-8349.0000	0.0741
23.0000	5.6366	0.1618	-8935.0000	0.0741
23.0000	5.7376	0.0992	-2460.0000	0.0741
23.0000	5.7555	0.1358	-8322.0000	0.0741
23.0000	5.7671	0.1409	-6104.0000	0.0741
24.0000	5.9269	0.1232	-8349.0000	0.0741
24.0000	6.0028	0.1517	-8935.0000	0.0741
24.0000	5.8751	0.1524	-2460.0000	0.0741
24.0000	6.0252	0.1798	-8322.0000	0.0741
24.0000	6.0109	0.1469	-6104.0000	0.0741
25.0000	6.3605	0.1488	-8349.0000	0.0741
25.0000	6.2181	0.1237	-8935.0000	0.0741
25.0000	6.3335	0.1550	-2460.0000	0.0741
25.0000	6.2266	0.1544	-8322.0000	0.0741
25.0000	6.1758	0.1601	-6104.0000	0.0741
26.0000	6.5439	0.1406	-8349.0000	0.0741
26.0000	6.5419	0.1598	-8935.0000	0.0741
26.0000	6.6151	0.1466	-2460.0000	0.0741
26.0000	6.5521	0.1647	-8322.0000	0.0741
26.0000	6.5690	0.1310	-6104.0000	0.0741
27.0000	6.8574	0.1927	-8349.0000	0.0741
27.0000	6.9619	0.1475	-8935.0000	0.0741
27.0000	6.8079	0.1412	-2460.0000	0.0741
27.0000	6.8132	0.1520	-8322.0000	0.0741
27.0000	6.7626	0.1310	-6104.0000	0.0741
28.0000	7.0714	0.2145	-8349.0000	0.0741
28.0000	7.0768	0.1727	-8935.0000	0.0741
28.0000	7.0600	0.1824	-2460.0000	0.0741
28.0000	7.0923	0.1639	-8322.0000	0.0741
28.0000	6.9875	0.1745	-6104.0000	0.0741
29.0000	7.4490	0.1507	-8349.0000	0.0741
29.0000	7.3466	0.1541	-8935.0000	0.0741
29.0000	7.4006	0.1507	-2460.0000	0.0741
29.0000	7.4136	0.1102	-8322.0000	0.0741
29.0000	7.6436	0.1527	-6104.0000	0.0741
30.0000	7.9215	0.1353	-8349.0000	0.0741
30.0000	7.8062	0.1579	-8935.0000	0.0741
30.0000	7.8039	0.1769	-2460.0000	0.0741
30.0000	7.8073	0.1741	-8322.0000	0.0741
30.0000	7.7395	0.1544	-6104.0000	0.0741
31.0000	7.8211	0.1510	-8349.0000	0.0741
31.0000	8.0056	0.1719	-8935.0000	0.0741
31.0000	8.0166	0.1748	-2460.0000	0.0741
31.0000	7.9994	0.1447	-8322.0000	0.0741
31.0000	8.1822	0.1493	-6104.0000	0.0741
32.0000	8.3767	0.1803	-8349.0000	0.0741
32.0000	8.2796	0.1274	-8935.0000	0.0741
32.0000	8.2220	0.1744	-2460.0000	0.0741
32.0000	8.5491	0.1745	-8322.0000	0.0741
32.0000	8.2566	0.1498	-6104.0000	0.0741
33.0000	8.8555	0.1571	-8349.0000	0.0741
33.0000	8.5981	0.1041	-8935.0000	0.0741
33.0000	8.5466	0.1422	-2460.0000	0.0741
33.0000	8.6578	0.1614	-8322.0000	0.0741
33.0000	8.5393	0.1998	-6104.0000	0.0741
34.0000	8.9509	0.1265	-8349.0000	0.0741
34.0000	8.9883	0.1523	-8935.0000	0.0741
34.0000	8.8584	0.1260	-2460.0000	0.0741
34.0000	8.9342	0.1302	-8322.0000	0.0741
34.0000	8.8970	0.1669	-6104.0000	0.0741
35.0000	9.2395	0.1177	-8349.0000	0.0741
35.0000	9.1047	0.1342	-8935.0000	0.0741
35.0000	9.0918	0.1424	-2460.0000	0.0741
35.0000	9.0927	0.1140	-8322.0000	0.0741
35.0000	9.0268	0.1089	-6104.0000	0.0741
36.0000	9.3172	0.0695	-8349.0000	0.0741
36.0000	9.3569	0.1041	-8935.0000	0.0741
36.0000	9.3942	0.0635	-2460.0000	0.0741
36.0000	9.3025	0.0992	-8322.0000	0.0741
36.0000	9.0944	0.1292	-6104.0000	0.0741
37.0000	9.6071	0.0806	-8349.0000	0.0741
37.0000	9.4447	0.1354	-8935.0000	0.0741
37.0000	9.2650	0.0636	-2460.0000	0.0741
37.0000	9.3746	0.1120	-8322.0000	0.0741
37.0000	9.6219	0.0573	-6104.0000	0.0741
38.0000	9.7476	0.0993	-8349.0000	0.0741
