N pol   	Mean    	Std     	Seed    	FracP   
1.0000	2.0344	0.4469	-8349.0000	0.0001
1.0000	1.8936	0.6838	-8935.0000	0.0001
1.0000	2.5491	0.8642	-2460.0000	0.0001
1.0000	2.8717	0.4238	-8322.0000	0.0001
1.0000	2.3212	0.7168	-6104.0000	0.0001
1.0000	2.4922	0.5992	-7566.0000	0.0001
1.0000	2.2229	0.9377	-9526.0000	0.0001
1.0000	2.1252	0.7971	-3417.0000	0.0001
1.0000	2.4017	0.6775	-1696.0000	0.0001
1.0000	2.5274	0.5586	-2383.0000	0.0001
1.0000	1.7856	0.5497	-1083.0000	0.0001
1.0000	2.6529	0.6306	-2845.0000	0.0001
1.0000	2.0580	0.5580	-7145.0000	0.0001
1.0000	2.1606	0.5548	-7949.0000	0.0001
1.0000	2.5669	0.8164	-5012.0000	0.0001
12.0000	2.0715	0.2216	-8349.0000	0.0012
12.0000	2.1040	0.1480	-8935.0000	0.0012
12.0000	2.2290	0.1397	-2460.0000	0.0012
12.0000	2.2499	0.2922	-8322.0000	0.0012
12.0000	2.1390	0.1891	-6104.0000	0.0012
12.0000	2.3369	0.1965	-7566.0000	0.0012
12.0000	2.1742	0.1437	-9526.0000	0.0012
12.0000	2.1267	0.2381	-3417.0000	0.0012
12.0000	2.2073	0.2419	-1696.0000	0.0012
12.0000	2.3041	0.1620	-2383.0000	0.0012
12.0000	2.3131	0.1485	-1083.0000	0.0012
12.0000	2.1490	0.1426	-2845.0000	0.0012
12.0000	2.3345	0.1284	-7145.0000	0.0012
12.0000	2.2938	0.1127	-7949.0000	0.0012
12.0000	2.2697	0.2799	-5012.0000	0.0012
23.0000	2.3436	0.1208	-8349.0000	0.0023
23.0000	2.3119	0.1221	-8935.0000	0.0023
23.0000	2.2520	0.1621	-2460.0000	0.0023
23.0000	2.2936	0.0924	-8322.0000	0.0023
23.0000	2.3897	0.1586	-6104.0000	0.0023
23.0000	2.1328	0.1642	-7566.0000	0.0023
23.0000	2.1872	0.1073	-9526.0000	0.0023
23.0000	2.3393	0.1790	-3417.0000	0.0023
23.0000	2.2546	0.0984	-1696.0000	0.0023
23.0000	2.2946	0.0825	-2383.0000	0.0023
23.0000	2.2762	0.1401	-1083.0000	0.0023
23.0000	2.2269	0.1577	-2845.0000	0.0023
23.0000	2.2398	0.1107	-7145.0000	0.0023
23.0000	2.2387	0.2168	-7949.0000	0.0023
23.0000	2.3052	0.1552	-5012.0000	0.0023
34.0000	2.2663	0.1347	-8349.0000	0.0034
34.0000	2.2320	0.1169	-8935.0000	0.0034
34.0000	2.2493	0.1293	-2460.0000	0.0034
34.0000	2.3199	0.0915	-8322.0000	0.0034
34.0000	2.2155	0.1383	-6104.0000	0.0034
34.0000	2.1903	0.0954	-7566.0000	0.0034
34.0000	2.2543	0.0979	-9526.0000	0.0034
34.0000	2.2297	0.0930	-3417.0000	0.0034
34.0000	2.2580	0.1788	-1696.0000	0.0034
34.0000	2.2949	0.0857	-2383.0000	0.0034
34.0000	2.1512	0.0642	-1083.0000	0.0034
34.0000	2.2152	0.1014	-2845.0000	0.0034
34.0000	2.3144	0.0956	-7145.0000	0.0034
34.0000	2.2249	0.1193	-7949.0000	0.0034
34.0000	2.2775	0.1078	-5012.0000	0.0034
45.0000	2.3446	0.0715	-8349.0000	0.0044
45.0000	2.2461	0.0880	-8935.0000	0.0044
45.0000	2.2014	0.0842	-2460.0000	0.0044
45.0000	2.2448	0.1388	-8322.0000	0.0044
45.0000	2.2760	0.0740	-6104.0000	0.0044
45.0000	2.2612	0.0626	-7566.0000	0.0044
45.0000	2.2715	0.0596	-9526.0000	0.0044
45.0000	2.2774	0.0631	-3417.0000	0.0044
45.0000	2.2530	0.1693	-1696.0000	0.0044
45.0000	2.2087	0.1202	-2383.0000	0.0044
45.0000	2.3028	0.0731	-1083.0000	0.0044
45.0000	2.2586	0.1129	-2845.0000	0.0044
45.0000	2.2164	0.1399	-7145.0000	0.0044
45.0000	2.2125	0.0908	-7949.0000	0.0044
45.0000	2.2860	0.0939	-5012.0000	0.0044
56.0000	2.2436	0.1176	-8349.0000	0.0055
56.0000	2.3199	0.1084	-8935.0000	0.0055
56.0000	2.3083	0.1077	-2460.0000	0.0055
56.0000	2.2837	0.0599	-8322.0000	0.0055
56.0000	2.2222	0.0820	-6104.0000	0.0055
56.0000	2.2474	0.0456	-7566.0000	0.0055
56.0000	2.2870	0.0557	-9526.0000	0.0055
56.0000	2.2972	0.1003	-3417.0000	0.0055
56.0000	2.2450	0.0832	-1696.0000	0.0055
56.0000	2.2649	0.1015	-2383.0000	0.0055
56.0000	2.2018	0.0953	-1083.0000	0.0055
56.0000	2.3610	0.0678	-2845.0000	0.0055
56.0000	2.2854	0.0715	-7145.0000	0.0055
56.0000	2.2718	0.0796	-7949.0000	0.0055
56.0000	2.1751	0.0837	-5012.0000	0.0055
67.0000	2.2885	0.0910	-8349.0000	0.0066
67.0000	2.2996	0.0571	-8935.0000	0.0066
67.0000	2.2478	0.0820	-2460.0000	0.0066
67.0000	2.2469	0.0820	-8322.0000	0.0066
67.0000	2.2837	0.0674	-6104.0000	0.0066
67.0000	2.3035	0.1141	-7566.0000	0.0066
67.0000	2.2510	0.0670	-9526.0000	0.0066
67.0000	2.2641	0.0732	-3417.0000	0.0066
67.0000	2.1978	0.0557	-1696.0000	0.0066
67.0000	2.2677	0.0915	-2383.0000	0.0066
67.0000	2.2482	0.0978	-1083.0000	0.0066
67.0000	2.1997	0.0280	-2845.0000	0.0066
67.0000	2.2345	0.0866	-7145.0000	0.0066
67.0000	2.2588	0.0831	-7949.0000	0.0066
67.0000	2.2621	0.0913	-5012.0000	0.0066
78.0000	2.2619	0.0744	-8349.0000	0.0077
78.0000	2.2074	0.0762	-8935.0000	0.0077
78.0000	2.2934	0.0746	-2460.0000	0.0077
78.0000	2.3040	0.0598	-8322.0000	0.0077
78.0000	2.2357	0.0693	-6104.0000	0.0077
78.0000	2.2669	0.0708	-7566.0000	0.0077
78.0000	2.2339	0.0947	-9526.0000	0.0077
78.0000	2.2275	0.0840	-3417.0000	0.0077
78.0000	2.2927	0.0439	-1696.0000	0.0077
78.0000	2.2689	0.0832	-2383.0000	0.0077
78.0000	2.2551	0.0640	-1083.0000	0.0077
78.0000	2.2687	0.0877	-2845.0000	0.0077
78.0000	2.3201	0.0627	-7145.0000	0.0077
78.0000	2.2265	0.0532	-7949.0000	0.0077
78.0000	2.2164	0.0593	-5012.0000	0.0077
89.0000	2.2869	0.0464	-8349.0000	0.0088
89.0000	2.2380	0.0806	-8935.0000	0.0088
89.0000	2.3100	0.0766	-2460.0000	0.0088
89.0000	2.2215	0.0419	-8322.0000	0.0088
89.0000	2.2356	0.0824	-6104.0000	0.0088
89.0000	2.2729	0.0815	-7566.0000	0.0088
89.0000	2.2618	0.0786	-9526.0000	0.0088
89.0000	2.2275	0.0665	-3417.0000	0.0088
89.0000	2.2641	0.0938	-1696.0000	0.0088
89.0000	2.2317	0.0527	-2383.0000	0.0088
89.0000	2.2632	0.0631	-1083.0000	0.0088
89.0000	2.2403	0.0816	-2845.0000	0.0088
89.0000	2.2200	0.0612	-7145.0000	0.0088
89.0000	2.2487	0.0916	-7949.0000	0.0088
89.0000	2.2286	0.0609	-5012.0000	0.0088
100.0000	2.2535	0.0648	-8349.0000	0.0099
100.0000	2.2393	0.0444	-8935.0000	0.0099
100.0000	2.2046	0.0479	-2460.0000	0.0099
100.0000	2.2374	0.0778	-8322.0000	0.0099
100.0000	2.2537	0.0511	-6104.0000	0.0099
100.0000	2.2766	0.0595	-7566.0000	0.0099
100.0000	2.2745	0.0699	-9526.0000	0.0099
100.0000	2.2722	0.0618	-3417.0000	0.0099
100.0000	2.2114	0.0919	-1696.0000	0.0099
100.0000	2.1915	0.0501	-2383.0000	0.0099
100.0000	2.2406	0.0623	-1083.0000	0.0099
100.0000	2.2918	0.0570	-2845.0000	0.0099
100.0000	2.2690	0.0620	-7145.0000	0.0099
100.0000	2.2694	0.0774	-7949.0000	0.0099
100.0000	2.2712	0.1014	-5012.0000	0.0099
